<?xml version="1.0" encoding="UTF-8"?>
<!-- Generated by org.testng.reporters.JUnitReportReporter -->
<testsuite hostname="qsg-PC" name="requirementGroup.SettingRegionInterfaces.HappyDayDeleteRegionInterfaceOfTypeGetRegionConfiguration" tests="1" failures="0" timestamp="29 Sep 2015 08:32:02 GMT" time="599.621" errors="0">
  <testcase name="testHappyDay129480" time="599.621" classname="requirementGroup.SettingRegionInterfaces.HappyDayDeleteRegionInterfaceOfTypeGetRegionConfiguration"/>
</testsuite> <!-- requirementGroup.SettingRegionInterfaces.HappyDayDeleteRegionInterfaceOfTypeGetRegionConfiguration -->
