<?xml version="1.0" encoding="UTF-8"?>
<!-- Generated by org.testng.reporters.JUnitReportReporter -->
<testsuite hostname="qsg-PC" name="requirementGroup.CreatingAndManagingEvents.NewEventNotifications" tests="1" failures="0" timestamp="18 Jun 2015 10:41:30 GMT" time="1119.953" errors="0">
  <testcase name="testSmoke118229" time="1119.953" classname="requirementGroup.CreatingAndManagingEvents.NewEventNotifications"/>
</testsuite> <!-- requirementGroup.CreatingAndManagingEvents.NewEventNotifications -->
