<?xml version="1.0" encoding="UTF-8"?>
<!-- Generated by org.testng.reporters.JUnitReportReporter -->
<testsuite hostname="qsg-PC" name="requirementGroup.CreatingAndManagingUsers.ChallengeQuestionSetup" tests="1" failures="0" timestamp="31 Jul 2015 06:36:51 GMT" time="490.981" errors="0">
  <testcase name="testHappyDay155947" time="490.981" classname="requirementGroup.CreatingAndManagingUsers.ChallengeQuestionSetup"/>
</testsuite> <!-- requirementGroup.CreatingAndManagingUsers.ChallengeQuestionSetup -->
