<?xml version="1.0" encoding="UTF-8"?>
<!-- Generated by org.testng.reporters.JUnitReportReporter -->
<testsuite hostname="qsg-PC" name="requirementGroup.PreferencesUserInfo.EditUserInformation" tests="1" failures="0" timestamp="6 Oct 2015 08:17:06 GMT" time="303.803" errors="0">
  <testcase name="testHappyDay84526" time="303.803" classname="requirementGroup.PreferencesUserInfo.EditUserInformation"/>
</testsuite> <!-- requirementGroup.PreferencesUserInfo.EditUserInformation -->
