<?xml version="1.0" encoding="UTF-8"?>
<!-- Generated by org.testng.reporters.JUnitReportReporter -->
<testsuite hostname="qsg-PC" name="requirementGroup.SettingUpResourceTypes.NewEditResourceType" tests="1" failures="0" timestamp="28 May 2015 09:58:33 GMT" time="471.535" errors="0">
  <testcase name="testHappyDay100307" time="471.535" classname="requirementGroup.SettingUpResourceTypes.NewEditResourceType"/>
</testsuite> <!-- requirementGroup.SettingUpResourceTypes.NewEditResourceType -->
