<?xml version="1.0" encoding="UTF-8"?>
<!-- Generated by org.testng.reporters.JUnitReportReporter -->
<testsuite hostname="qsg-PC" name="requirementGroup.HomeButton.HappyDayHomeButton" tests="1" failures="0" timestamp="6 Oct 2015 05:00:37 GMT" time="22.317" errors="0">
  <testcase name="testHappyDay147097" time="22.317" classname="requirementGroup.HomeButton.HappyDayHomeButton"/>
</testsuite> <!-- requirementGroup.HomeButton.HappyDayHomeButton -->
