<?xml version="1.0" encoding="UTF-8"?>
<!-- Generated by org.testng.reporters.JUnitReportReporter -->
<testsuite hostname="qsg-PC" name="requirementGroup.MultiRegion.NewRegionsWithMutualAgreementAndDirectAccess" tests="1" failures="0" timestamp="13 Aug 2015 12:01:53 GMT" time="563.480" errors="0">
  <testcase name="testHappyDay71296" time="563.480" classname="requirementGroup.MultiRegion.NewRegionsWithMutualAgreementAndDirectAccess"/>
</testsuite> <!-- requirementGroup.MultiRegion.NewRegionsWithMutualAgreementAndDirectAccess -->
