<?xml version="1.0" encoding="UTF-8"?>
<!-- Generated by org.testng.reporters.JUnitReportReporter -->
<testsuite hostname="qsg-PC" name="requirementGroup.CreatingAndManagingUsers.dgfh" tests="1" failures="0" timestamp="5 Jun 2015 08:37:28 GMT" time="629.954" errors="0">
  <testcase name="testHappyDay66165" time="629.954" classname="requirementGroup.CreatingAndManagingUsers.dgfh"/>
</testsuite> <!-- requirementGroup.CreatingAndManagingUsers.dgfh -->
