<?xml version="1.0" encoding="UTF-8"?>
<!-- Generated by org.testng.reporters.JUnitReportReporter -->
<testsuite hostname="qsg-PC" name="requirementGroup.Forms.fxgdf" tests="1" failures="0" timestamp="27 Feb 2015 12:26:35 GMT" time="363.363" errors="0">
  <testcase name="testHappyDay155254" time="363.363" classname="requirementGroup.Forms.fxgdf"/>
</testsuite> <!-- requirementGroup.Forms.fxgdf -->
