<?xml version="1.0" encoding="UTF-8"?>
<!-- Generated by org.testng.reporters.JUnitReportReporter -->
<testsuite hostname="qsg-PC" name="requirementGroup.Reports.EdgeCaseAdminReports" tests="1" failures="0" timestamp="6 Aug 2015 04:48:02 GMT" time="304.353" errors="0">
  <testcase name="testEdgeCase152271" time="304.353" classname="requirementGroup.Reports.EdgeCaseAdminReports"/>
</testsuite> <!-- requirementGroup.Reports.EdgeCaseAdminReports -->
