<?xml version="1.0" encoding="UTF-8"?>
<!-- Generated by org.testng.reporters.JUnitReportReporter -->
<testsuite hostname="qsg-PC" name="requirementGroup.ResourceHierarchies.NewViewingManagingEMResourceEntitiesOnTheViewInterface" tests="5" failures="0" timestamp="26 Sep 2015 22:26:41 GMT" time="2562.291" errors="0">
  <testcase name="testHappyDay107431" time="620.350" classname="requirementGroup.ResourceHierarchies.NewViewingManagingEMResourceEntitiesOnTheViewInterface"/>
  <testcase name="testHappyDay107428" time="562.356" classname="requirementGroup.ResourceHierarchies.NewViewingManagingEMResourceEntitiesOnTheViewInterface"/>
  <testcase name="testHappyDay106291" time="533.016" classname="requirementGroup.ResourceHierarchies.NewViewingManagingEMResourceEntitiesOnTheViewInterface"/>
  <testcase name="testHappyDay116624" time="504.397" classname="requirementGroup.ResourceHierarchies.NewViewingManagingEMResourceEntitiesOnTheViewInterface"/>
  <testcase name="testHappyDay107430" time="342.172" classname="requirementGroup.ResourceHierarchies.NewViewingManagingEMResourceEntitiesOnTheViewInterface"/>
</testsuite> <!-- requirementGroup.ResourceHierarchies.NewViewingManagingEMResourceEntitiesOnTheViewInterface -->
