<?xml version="1.0" encoding="UTF-8"?>
<!-- Generated by org.testng.reporters.JUnitReportReporter -->
<testsuite hostname="qsg-PC" name="requirementGroup.ResourceHierarchies.NewViewingAndManagingEMResourceEntitiesOnTheViewInterface" tests="1" failures="0" timestamp="26 Sep 2015 22:26:41 GMT" time="509.438" errors="0">
  <testcase name="testHappyDay116624" time="509.438" classname="requirementGroup.ResourceHierarchies.NewViewingAndManagingEMResourceEntitiesOnTheViewInterface"/>
</testsuite> <!-- requirementGroup.ResourceHierarchies.NewViewingAndManagingEMResourceEntitiesOnTheViewInterface -->
