<?xml version="1.0" encoding="UTF-8"?>
<!-- Generated by org.testng.reporters.JUnitReportReporter -->
<testsuite hostname="qsg-PC" name="requirementGroup.SettingRegionInterfaces.HappyDayCreaterRegionInterfaceOfTypeGetEDXLHAVE" tests="1" failures="0" timestamp="30 Jul 2015 04:21:16 GMT" time="390.439" errors="0">
  <testcase name="testHappyDay94039" time="390.439" classname="requirementGroup.SettingRegionInterfaces.HappyDayCreaterRegionInterfaceOfTypeGetEDXLHAVE"/>
</testsuite> <!-- requirementGroup.SettingRegionInterfaces.HappyDayCreaterRegionInterfaceOfTypeGetEDXLHAVE -->
