<?xml version="1.0" encoding="UTF-8"?>
<!-- Generated by org.testng.reporters.JUnitReportReporter -->
<testsuite hostname="qsg-PC" name="requirementGroup.SettingUpUsers.NewRefineStatusTypes" tests="1" failures="0" timestamp="25 Sep 2015 04:42:40 GMT" time="599.054" errors="0">
  <testcase name="testHappyDay48417" time="599.054" classname="requirementGroup.SettingUpUsers.NewRefineStatusTypes"/>
</testsuite> <!-- requirementGroup.SettingUpUsers.NewRefineStatusTypes -->
