<?xml version="1.0" encoding="UTF-8"?>
<!-- Generated by org.testng.reporters.JUnitReportReporter -->
<testsuite hostname="qsg-PC" name="requirementGroup.CreatingAndManagingEvents.EdgeCaseEndMultiRegionEvent" tests="1" failures="0" timestamp="16 Sep 2015 04:57:23 GMT" time="457.571" errors="0">
  <testcase name="testEdgeCase133989" time="457.571" classname="requirementGroup.CreatingAndManagingEvents.EdgeCaseEndMultiRegionEvent"/>
</testsuite> <!-- requirementGroup.CreatingAndManagingEvents.EdgeCaseEndMultiRegionEvent -->
