<?xml version="1.0" encoding="UTF-8"?>
<!-- Generated by org.testng.reporters.JUnitReportReporter -->
<testsuite hostname="qsg-PC" name="requirementGroup.ViewingAndmanagingEMResourceEntitiesOnTheViewInterface.EdgeCaseDeleteRegionView3Browser" tests="1" failures="0" timestamp="5 May 2015 10:02:10 GMT" time="395.848" errors="0">
  <testcase name="testHappyDay156055" time="395.848" classname="requirementGroup.ViewingAndmanagingEMResourceEntitiesOnTheViewInterface.EdgeCaseDeleteRegionView3Browser"/>
</testsuite> <!-- requirementGroup.ViewingAndmanagingEMResourceEntitiesOnTheViewInterface.EdgeCaseDeleteRegionView3Browser -->
