<?xml version="1.0" encoding="UTF-8"?>
<!-- Generated by org.testng.reporters.JUnitReportReporter -->
<testsuite hostname="qsg-PC" name="requirementGroup.ViewingAndmanagingEMResourceEntitiesOnTheViewInterface.NewViewResourceDetailScreen" tests="1" failures="0" timestamp="16 Jun 2015 09:33:51 GMT" time="661.905" errors="0">
  <testcase name="testHappyDay70181" time="661.905" classname="requirementGroup.ViewingAndmanagingEMResourceEntitiesOnTheViewInterface.NewViewResourceDetailScreen"/>
</testsuite> <!-- requirementGroup.ViewingAndmanagingEMResourceEntitiesOnTheViewInterface.NewViewResourceDetailScreen -->
