<?xml version="1.0" encoding="UTF-8"?>
<!-- Generated by org.testng.reporters.JUnitReportReporter -->
<testsuite hostname="qsg-PC" name="requirementGroup.SetUp.HappyDayStatusTypes1" tests="3" failures="0" timestamp="7 Oct 2015 05:45:15 GMT" time="1338.049" errors="0">
  <testcase name="testHappyDay143813" time="400.279" classname="requirementGroup.SetUp.HappyDayStatusTypes1"/>
  <testcase name="testHappyDay144280" time="449.613" classname="requirementGroup.SetUp.HappyDayStatusTypes1"/>
  <testcase name="testHappyDay143752" time="488.157" classname="requirementGroup.SetUp.HappyDayStatusTypes1"/>
</testsuite> <!-- requirementGroup.SetUp.HappyDayStatusTypes1 -->
