<?xml version="1.0" encoding="UTF-8"?>
<!-- Generated by org.testng.reporters.JUnitReportReporter -->
<testsuite hostname="qsg-PC" name="requirementGroup.SettingRegionInterfaces.HappyDayEditRegionInterfaceOfTypeGetActiveEvents" tests="1" failures="0" timestamp="5 Oct 2015 10:16:26 GMT" time="360.026" errors="0">
  <testcase name="testHappyDay129485" time="360.026" classname="requirementGroup.SettingRegionInterfaces.HappyDayEditRegionInterfaceOfTypeGetActiveEvents"/>
</testsuite> <!-- requirementGroup.SettingRegionInterfaces.HappyDayEditRegionInterfaceOfTypeGetActiveEvents -->
