<?xml version="1.0" encoding="UTF-8"?>
<!-- Generated by org.testng.reporters.JUnitReportReporter -->
<testsuite hostname="qsg-PC" name="requirementGroup.CreatingAndManagingEvents.NewEditEventTemplate" tests="1" failures="0" timestamp="18 Jun 2015 12:55:00 GMT" time="507.149" errors="0">
  <testcase name="testHappyDay68113" time="507.149" classname="requirementGroup.CreatingAndManagingEvents.NewEditEventTemplate"/>
</testsuite> <!-- requirementGroup.CreatingAndManagingEvents.NewEditEventTemplate -->
