<?xml version="1.0" encoding="UTF-8"?>
<!-- Generated by org.testng.reporters.JUnitReportReporter -->
<testsuite hostname="qsg-PC" name="requirementGroup.ViewingAndmanagingEMResourceEntitiesOnTheViewInterface.EdgeCaseSettingUpOfRegionViews" tests="1" failures="0" timestamp="7 May 2015 13:01:01 GMT" time="97.516" errors="0">
  <testcase name="testEdgeCase155990" time="97.516" classname="requirementGroup.ViewingAndmanagingEMResourceEntitiesOnTheViewInterface.EdgeCaseSettingUpOfRegionViews"/>
</testsuite> <!-- requirementGroup.ViewingAndmanagingEMResourceEntitiesOnTheViewInterface.EdgeCaseSettingUpOfRegionViews -->
