<?xml version="1.0" encoding="UTF-8"?>
<!-- Generated by org.testng.reporters.JUnitReportReporter -->
<testsuite hostname="qsg-PC" name="requirementGroup.SettingRegionInterfaces.HappyDayCreaterRegionInterfaceOfTypeUpdateCADStatus" tests="1" failures="0" timestamp="30 Jul 2015 07:31:56 GMT" time="420.372" errors="0">
  <testcase name="testHappyDay94125" time="420.372" classname="requirementGroup.SettingRegionInterfaces.HappyDayCreaterRegionInterfaceOfTypeUpdateCADStatus"/>
</testsuite> <!-- requirementGroup.SettingRegionInterfaces.HappyDayCreaterRegionInterfaceOfTypeUpdateCADStatus -->
