<?xml version="1.0" encoding="UTF-8"?>
<!-- Generated by org.testng.reporters.JUnitReportReporter -->
<testsuite hostname="qsg-PC" name="requirementGroup.SetUp.HappyDayMultiStatusesLabel" tests="1" failures="0" timestamp="6 Oct 2015 12:01:03 GMT" time="712.671" errors="0">
  <testcase name="testHappyDay149938" time="712.671" classname="requirementGroup.SetUp.HappyDayMultiStatusesLabel"/>
</testsuite> <!-- requirementGroup.SetUp.HappyDayMultiStatusesLabel -->
