<?xml version="1.0" encoding="UTF-8"?>
<!-- Generated by org.testng.reporters.JUnitReportReporter -->
<testsuite hostname="qsg-PC" name="requirementGroup.Reports.HappyDayNormalUsageReport" tests="1" failures="0" timestamp="7 Aug 2015 06:30:07 GMT" time="411.673" errors="0">
  <testcase name="testHappyDay162366" time="411.673" classname="requirementGroup.Reports.HappyDayNormalUsageReport"/>
</testsuite> <!-- requirementGroup.Reports.HappyDayNormalUsageReport -->
