<?xml version="1.0" encoding="UTF-8"?>
<!-- Generated by org.testng.reporters.JUnitReportReporter -->
<testsuite hostname="qsg-PC" name="requirementGroup.CreatingAndManagingRoles.HappyDayCreateRole" tests="1" failures="0" timestamp="2 Sep 2015 12:09:06 GMT" time="484.946" errors="0">
  <testcase name="testHappyDay69228" time="484.946" classname="requirementGroup.CreatingAndManagingRoles.HappyDayCreateRole"/>
</testsuite> <!-- requirementGroup.CreatingAndManagingRoles.HappyDayCreateRole -->
