<?xml version="1.0" encoding="UTF-8"?>
<!-- Generated by org.testng.reporters.JUnitReportReporter -->
<testsuite hostname="qsg-PC" name="requirementGroup.SettingUpResourceTypes.NewInactivateResourceType" tests="1" failures="0" timestamp="29 May 2015 12:41:32 GMT" time="547.260" errors="0">
  <testcase name="testHappyDay102899" time="547.260" classname="requirementGroup.SettingUpResourceTypes.NewInactivateResourceType"/>
</testsuite> <!-- requirementGroup.SettingUpResourceTypes.NewInactivateResourceType -->
