<?xml version="1.0" encoding="UTF-8"?>
<!-- Generated by org.testng.reporters.JUnitReportReporter -->
<testsuite hostname="qsg-PC" name="requirementGroup.SmokeTestSuite.SmokeViews" tests="4" failures="0" timestamp="2 Sep 2015 06:05:58 GMT" time="1533.120" errors="0">
  <testcase name="testSmoke148819" time="568.464" classname="requirementGroup.SmokeTestSuite.SmokeViews"/>
  <testcase name="testSmoke148817" time="527.579" classname="requirementGroup.SmokeTestSuite.SmokeViews"/>
  <testcase name="testSmoke148820" time="267.094" classname="requirementGroup.SmokeTestSuite.SmokeViews"/>
  <testcase name="testSmoke137576" time="169.983" classname="requirementGroup.SmokeTestSuite.SmokeViews"/>
</testsuite> <!-- requirementGroup.SmokeTestSuite.SmokeViews -->
