<?xml version="1.0" encoding="UTF-8"?>
<!-- Generated by org.testng.reporters.JUnitReportReporter -->
<testsuite hostname="qsg-PC" name="requirementGroup.SmokeTestSuite.SmokeSetup1" tests="1" failures="0" timestamp="6 Oct 2015 04:50:51 GMT" time="500.343" errors="0">
  <testcase name="testSmoke148824" time="500.343" classname="requirementGroup.SmokeTestSuite.SmokeSetup1"/>
</testsuite> <!-- requirementGroup.SmokeTestSuite.SmokeSetup1 -->
