<?xml version="1.0" encoding="UTF-8"?>
<!-- Generated by org.testng.reporters.JUnitReportReporter -->
<testsuite hostname="qsg-PC" name="requirementGroup.SettingUpStatusTypes.NewCreateStatusReason" tests="1" failures="0" timestamp="17 Aug 2015 07:23:51 GMT" time="369.601" errors="0">
  <testcase name="testHappyDay68890" time="369.601" classname="requirementGroup.SettingUpStatusTypes.NewCreateStatusReason"/>
</testsuite> <!-- requirementGroup.SettingUpStatusTypes.NewCreateStatusReason -->
