<?xml version="1.0" encoding="UTF-8"?>
<!-- Generated by org.testng.reporters.JUnitReportReporter -->
<testsuite hostname="qsg-PC" name="requirementGroup.ResourceHierarchies.HappyDayNewEditingSubResource" tests="1" failures="0" timestamp="26 Sep 2015 22:26:41 GMT" time="382.022" errors="0">
  <testcase name="testHappyDay105692" time="382.022" classname="requirementGroup.ResourceHierarchies.HappyDayNewEditingSubResource"/>
</testsuite> <!-- requirementGroup.ResourceHierarchies.HappyDayNewEditingSubResource -->
