<?xml version="1.0" encoding="UTF-8"?>
<!-- Generated by org.testng.reporters.JUnitReportReporter -->
<testsuite hostname="qsg-PC" name="requirementGroup.RegionalInfoDocumentLibrary.NewRenameAFolder" tests="1" failures="0" timestamp="6 Oct 2015 08:17:06 GMT" time="159.846" errors="0">
  <testcase name="testHappyDay200" time="159.846" classname="requirementGroup.RegionalInfoDocumentLibrary.NewRenameAFolder"/>
</testsuite> <!-- requirementGroup.RegionalInfoDocumentLibrary.NewRenameAFolder -->
