<?xml version="1.0" encoding="UTF-8"?>
<!-- Generated by org.testng.reporters.JUnitReportReporter -->
<testsuite hostname="qsg-PC" name="requirementGroup.RegionalInfoCalendar.NewEditBulletinMessage" tests="1" failures="0" timestamp="6 Oct 2015 08:17:06 GMT" time="162.689" errors="0">
  <testcase name="testHappyDay171" time="162.689" classname="requirementGroup.RegionalInfoCalendar.NewEditBulletinMessage"/>
</testsuite> <!-- requirementGroup.RegionalInfoCalendar.NewEditBulletinMessage -->
