<?xml version="1.0" encoding="UTF-8"?>
<!-- Generated by org.testng.reporters.JUnitReportReporter -->
<testsuite hostname="qsg-PC" name="requirementGroup.SettingRegionInterfaces.HappyDayEditRegionInterfaceOfTypeGetEDXLHAVE" tests="1" failures="0" timestamp="30 Jul 2015 04:30:38 GMT" time="522.983" errors="0">
  <testcase name="testHappyDay101820" time="522.983" classname="requirementGroup.SettingRegionInterfaces.HappyDayEditRegionInterfaceOfTypeGetEDXLHAVE"/>
</testsuite> <!-- requirementGroup.SettingRegionInterfaces.HappyDayEditRegionInterfaceOfTypeGetEDXLHAVE -->
