<?xml version="1.0" encoding="UTF-8"?>
<!-- Generated by org.testng.reporters.JUnitReportReporter -->
<testsuite hostname="qsg-PC" name="requirementGroup.SettingUpUsers.RightsToViewUpdatePrivateStatusTypes" tests="1" failures="0" timestamp="9 Sep 2015 05:35:18 GMT" time="870.130" errors="0">
  <testcase name="testHappyDay48405" time="870.130" classname="requirementGroup.SettingUpUsers.RightsToViewUpdatePrivateStatusTypes"/>
</testsuite> <!-- requirementGroup.SettingUpUsers.RightsToViewUpdatePrivateStatusTypes -->
