<?xml version="1.0" encoding="UTF-8"?>
<!-- Generated by org.testng.reporters.JUnitReportReporter -->
<testsuite hostname="qsg-PC" name="requirementGroup.Reports.HappyDayEventDetailReport" tests="1" failures="0" timestamp="10 Aug 2015 12:48:44 GMT" time="485.472" errors="0">
  <testcase name="testHappyDay103971" time="485.472" classname="requirementGroup.Reports.HappyDayEventDetailReport"/>
</testsuite> <!-- requirementGroup.Reports.HappyDayEventDetailReport -->
