<?xml version="1.0" encoding="UTF-8"?>
<!-- Generated by org.testng.reporters.JUnitReportReporter -->
<testsuite hostname="qsg-PC" name="requirementGroup.CreatingAndManagingRoles.NewEditRole" tests="1" failures="0" timestamp="28 Sep 2015 19:29:54 GMT" time="341.617" errors="0">
  <testcase name="testHappyDay69278" time="341.617" classname="requirementGroup.CreatingAndManagingRoles.NewEditRole"/>
</testsuite> <!-- requirementGroup.CreatingAndManagingRoles.NewEditRole -->
