<?xml version="1.0" encoding="UTF-8"?>
<!-- Generated by org.testng.reporters.JUnitReportReporter -->
<testsuite hostname="qsg-PC" name="requirementGroup.Reports.NewStatusReasonDetailReport" tests="1" failures="0" timestamp="19 Jul 2015 05:42:07 GMT" time="409.332" errors="0">
  <testcase name="testHappyDay88954" time="409.332" classname="requirementGroup.Reports.NewStatusReasonDetailReport"/>
</testsuite> <!-- requirementGroup.Reports.NewStatusReasonDetailReport -->
