<?xml version="1.0" encoding="UTF-8"?>
<!-- Generated by org.testng.reporters.JUnitReportReporter -->
<testsuite hostname="qsg-PC" name="requirementGroup.MultiRegion.EdgeCaseStandardStatusTypeLabels" tests="1" failures="0" timestamp="15 Sep 2015 10:48:39 GMT" time="424.712" errors="0">
  <testcase name="testEdgeCase156603" time="424.712" classname="requirementGroup.MultiRegion.EdgeCaseStandardStatusTypeLabels"/>
</testsuite> <!-- requirementGroup.MultiRegion.EdgeCaseStandardStatusTypeLabels -->
