<?xml version="1.0" encoding="UTF-8"?>
<!-- Generated by org.testng.reporters.JUnitReportReporter -->
<testsuite hostname="qsg-PC" name="requirementGroup.RegionalInfoDocumentLibrary.NewAddADocument" tests="1" failures="0" timestamp="6 Oct 2015 08:17:06 GMT" time="153.763" errors="0">
  <testcase name="testHappyDay213" time="153.763" classname="requirementGroup.RegionalInfoDocumentLibrary.NewAddADocument"/>
</testsuite> <!-- requirementGroup.RegionalInfoDocumentLibrary.NewAddADocument -->
