<?xml version="1.0" encoding="UTF-8"?>
<!-- Generated by org.testng.reporters.JUnitReportReporter -->
<testsuite hostname="qsg-PC" name="requirementGroup.RegionalInfoCalendar.NewCreateBulletinMessage" tests="1" failures="0" timestamp="6 Oct 2015 08:17:06 GMT" time="155.901" errors="0">
  <testcase name="testHappyDay165" time="155.901" classname="requirementGroup.RegionalInfoCalendar.NewCreateBulletinMessage"/>
</testsuite> <!-- requirementGroup.RegionalInfoCalendar.NewCreateBulletinMessage -->
