<?xml version="1.0" encoding="UTF-8"?>
<!-- Generated by org.testng.reporters.JUnitReportReporter -->
<testsuite hostname="qsg-PC" name="requirementGroup.Reports.HappyDayNotificationHistoryReport" tests="1" failures="0" timestamp="7 Aug 2015 05:00:32 GMT" time="611.375" errors="0">
  <testcase name="testHappyDay162281" time="611.375" classname="requirementGroup.Reports.HappyDayNotificationHistoryReport"/>
</testsuite> <!-- requirementGroup.Reports.HappyDayNotificationHistoryReport -->
