<?xml version="1.0" encoding="UTF-8"?>
<!-- Generated by org.testng.reporters.JUnitReportReporter -->
<testsuite hostname="qsg-PC" name="requirementGroup.Reports.hgjh" tests="1" failures="0" timestamp="9 Jul 2015 06:54:47 GMT" time="402.919" errors="0">
  <testcase name="testHappyDay88954" time="402.919" classname="requirementGroup.Reports.hgjh"/>
</testsuite> <!-- requirementGroup.Reports.hgjh -->
