<?xml version="1.0" encoding="UTF-8"?>
<!-- Generated by org.testng.reporters.JUnitReportReporter -->
<testsuite hostname="qsg-PC" name="requirementGroup.SettingUpStatusTypes.NewHappyDayEditTextStatusType" tests="1" failures="0" timestamp="7 Oct 2015 05:11:14 GMT" time="771.482" errors="0">
  <testcase name="testHappyDay98904" time="771.482" classname="requirementGroup.SettingUpStatusTypes.NewHappyDayEditTextStatusType"/>
</testsuite> <!-- requirementGroup.SettingUpStatusTypes.NewHappyDayEditTextStatusType -->
