<?xml version="1.0" encoding="UTF-8"?>
<!-- Generated by org.testng.reporters.JUnitReportReporter -->
<testsuite hostname="qsg-PC" name="requirementGroup.SettingUpUsers.NewRightToConfigureForms" tests="1" failures="0" timestamp="16 Jul 2015 09:36:19 GMT" time="327.747" errors="0">
  <testcase name="testHappyDay46608" time="327.747" classname="requirementGroup.SettingUpUsers.NewRightToConfigureForms"/>
</testsuite> <!-- requirementGroup.SettingUpUsers.NewRightToConfigureForms -->
