<?xml version="1.0" encoding="UTF-8"?>
<!-- Generated by org.testng.reporters.JUnitReportReporter -->
<testsuite hostname="qsg-PC" name="requirementGroup.ViewingAndmanagingEMResourceEntitiesOnTheViewInterface.NewDeleteRegionView" tests="1" failures="0" timestamp="11 Jun 2015 09:25:46 GMT" time="485.090" errors="0">
  <testcase name="testEdgeCase69869" time="485.090" classname="requirementGroup.ViewingAndmanagingEMResourceEntitiesOnTheViewInterface.NewDeleteRegionView"/>
</testsuite> <!-- requirementGroup.ViewingAndmanagingEMResourceEntitiesOnTheViewInterface.NewDeleteRegionView -->
