<?xml version="1.0" encoding="UTF-8"?>
<!-- Generated by org.testng.reporters.JUnitReportReporter -->
<testsuite hostname="qsg-PC" name="requirementGroup.HelpDocumentation.NewHelpDocumentation" tests="1" failures="0" timestamp="26 Sep 2015 22:26:41 GMT" time="324.226" errors="0">
  <testcase name="testHappyDay119758" time="324.226" classname="requirementGroup.HelpDocumentation.NewHelpDocumentation"/>
</testsuite> <!-- requirementGroup.HelpDocumentation.NewHelpDocumentation -->
