<?xml version="1.0" encoding="UTF-8"?>
<!-- Generated by org.testng.reporters.JUnitReportReporter -->
<testsuite hostname="qsg-PC" name="requirementGroup.CreatingAndManagingEvents.NewProvidingSecurityToEventTemplate" tests="1" failures="0" timestamp="12 Aug 2015 05:35:19 GMT" time="516.372" errors="0">
  <testcase name="testHappyDay68109" time="516.372" classname="requirementGroup.CreatingAndManagingEvents.NewProvidingSecurityToEventTemplate"/>
</testsuite> <!-- requirementGroup.CreatingAndManagingEvents.NewProvidingSecurityToEventTemplate -->
