<?xml version="1.0" encoding="UTF-8"?>
<!-- Generated by org.testng.reporters.JUnitReportReporter -->
<testsuite hostname="Medweb-QSG" name="rh4CommercialServer.requirementGroup.smokeSuit.MedwebRadiologyStatistics.HappyDayScheduledOrdersReport" tests="1" failures="0" timestamp="9 Jan 2017 13:22:49 GMT" time="97.461" errors="0">
  <testcase name="testHappyDay107968" time="97.461" classname="rh4CommercialServer.requirementGroup.smokeSuit.MedwebRadiologyStatistics.HappyDayScheduledOrdersReport"/>
</testsuite> <!-- rh4CommercialServer.requirementGroup.smokeSuit.MedwebRadiologyStatistics.HappyDayScheduledOrdersReport -->
