<?xml version="1.0" encoding="UTF-8"?>
<!-- Generated by org.testng.reporters.JUnitReportReporter -->
<testsuite hostname="Medweb-QSG" name="rh6CommercialServer.requirementGroup.smokeSuit.MedwebRadiologyStatistics.HappyDayListOfStudiesWithoutReports" tests="1" failures="0" timestamp="9 Jan 2017 06:07:13 GMT" time="86.430" errors="0">
  <testcase name="testHappyDay71062" time="86.430" classname="rh6CommercialServer.requirementGroup.smokeSuit.MedwebRadiologyStatistics.HappyDayListOfStudiesWithoutReports"/>
</testsuite> <!-- rh6CommercialServer.requirementGroup.smokeSuit.MedwebRadiologyStatistics.HappyDayListOfStudiesWithoutReports -->
