<?xml version="1.0" encoding="UTF-8"?>
<!-- Generated by org.testng.reporters.JUnitReportReporter -->
<testsuite hostname="Medweb-QSG" name="rh6CommercialServer.requirementGroup.smokeSuit.MedwebRadiologyStatistics.HappyDayOrdersCreatedByDoctorAndDate" tests="1" failures="0" timestamp="9 Jan 2017 06:39:21 GMT" time="134.659" errors="0">
  <testcase name="testHappyDay104299" time="134.659" classname="rh6CommercialServer.requirementGroup.smokeSuit.MedwebRadiologyStatistics.HappyDayOrdersCreatedByDoctorAndDate"/>
</testsuite> <!-- rh6CommercialServer.requirementGroup.smokeSuit.MedwebRadiologyStatistics.HappyDayOrdersCreatedByDoctorAndDate -->
