<?xml version="1.0" encoding="UTF-8"?>
<!-- Generated by org.testng.reporters.JUnitReportReporter -->
<testsuite hostname="Medweb-QSG" name="rh6CommercialServer.requirementGroup.smokeSuit.ViewPatients.HappyDayWebReportsCreateTemplatesInTemplateEditor" tests="3" failures="0" timestamp="2 Jan 2017 09:56:50 GMT" time="604.203" errors="0">
  <testcase name="testHappyDay64431" time="212.945" classname="rh6CommercialServer.requirementGroup.smokeSuit.ViewPatients.HappyDayWebReportsCreateTemplatesInTemplateEditor"/>
  <testcase name="testHappyDay68582" time="214.096" classname="rh6CommercialServer.requirementGroup.smokeSuit.ViewPatients.HappyDayWebReportsCreateTemplatesInTemplateEditor"/>
  <testcase name="testHappyDay64432" time="177.162" classname="rh6CommercialServer.requirementGroup.smokeSuit.ViewPatients.HappyDayWebReportsCreateTemplatesInTemplateEditor"/>
</testsuite> <!-- rh6CommercialServer.requirementGroup.smokeSuit.ViewPatients.HappyDayWebReportsCreateTemplatesInTemplateEditor -->
