<?xml version="1.0" encoding="UTF-8"?>
<!-- Generated by org.testng.reporters.JUnitReportReporter -->
<testsuite hostname="Medweb-QSG" name="rh6CommercialServer.requirementGroup.smokeSuit.ServiceStatus.HappyDaySoftwareInfo" tests="1" failures="0" timestamp="3 Jan 2017 09:57:05 GMT" time="30.550" errors="0">
  <testcase name="testHappyDay68305" time="30.550" classname="rh6CommercialServer.requirementGroup.smokeSuit.ServiceStatus.HappyDaySoftwareInfo"/>
</testsuite> <!-- rh6CommercialServer.requirementGroup.smokeSuit.ServiceStatus.HappyDaySoftwareInfo -->
