<?xml version="1.0" encoding="UTF-8"?>
<!-- Generated by org.testng.reporters.JUnitReportReporter -->
<testsuite hostname="Medweb-QSG" name="rh6CommercialServer.requirementGroup.smokeSuit.ViewPatients.HappyDayTransportStatusInfoInTheNetColumn" tests="1" failures="0" timestamp="30 Dec 2016 05:55:46 GMT" time="180.801" errors="0">
  <testcase name="testHappyDay165601" time="180.801" classname="rh6CommercialServer.requirementGroup.smokeSuit.ViewPatients.HappyDayTransportStatusInfoInTheNetColumn"/>
</testsuite> <!-- rh6CommercialServer.requirementGroup.smokeSuit.ViewPatients.HappyDayTransportStatusInfoInTheNetColumn -->
