<?xml version="1.0" encoding="UTF-8"?>
<!-- Generated by org.testng.reporters.JUnitReportReporter -->
<testsuite hostname="Medweb-QSG" name="rh6CommercialServer.requirementGroup.smokeSuit.ViewPatients.HappyDayImageManagementToolsBurnStudyToCDROM" tests="1" failures="0" timestamp="27 Dec 2016 06:48:40 GMT" time="230.772" errors="0">
  <testcase name="testHappyDay14351" time="230.772" classname="rh6CommercialServer.requirementGroup.smokeSuit.ViewPatients.HappyDayImageManagementToolsBurnStudyToCDROM"/>
</testsuite> <!-- rh6CommercialServer.requirementGroup.smokeSuit.ViewPatients.HappyDayImageManagementToolsBurnStudyToCDROM -->
