<?xml version="1.0" encoding="UTF-8"?>
<!-- Generated by org.testng.reporters.JUnitReportReporter -->
<testsuite hostname="Medweb-QSG" name="rh4CommercialServer.requirementGroup.smokeSuit.MedwebRadiologyStatistics.HappyDayTurnaroundTimeReportExternalReads" tests="1" failures="0" timestamp="25 Jan 2017 10:45:15 GMT" time="210.273" errors="0">
  <testcase name="testHappyDay69336" time="210.273" classname="rh4CommercialServer.requirementGroup.smokeSuit.MedwebRadiologyStatistics.HappyDayTurnaroundTimeReportExternalReads"/>
</testsuite> <!-- rh4CommercialServer.requirementGroup.smokeSuit.MedwebRadiologyStatistics.HappyDayTurnaroundTimeReportExternalReads -->
