<?xml version="1.0" encoding="UTF-8"?>
<!-- Generated by org.testng.reporters.JUnitReportReporter -->
<testsuite hostname="Medweb-QSG" name="rh4CommercialServer.requirementGroup.smokeSuit.RISPatientSchedule.HappyDayPatientRegistration" tests="1" failures="0" timestamp="11 Jan 2017 12:05:46 GMT" time="44.298" errors="0">
  <testcase name="testHappyDay62719" time="44.298" classname="rh4CommercialServer.requirementGroup.smokeSuit.RISPatientSchedule.HappyDayPatientRegistration"/>
</testsuite> <!-- rh4CommercialServer.requirementGroup.smokeSuit.RISPatientSchedule.HappyDayPatientRegistration -->
