<?xml version="1.0" encoding="UTF-8"?>
<!-- Generated by org.testng.reporters.JUnitReportReporter -->
<testsuite hostname="Medweb-QSG" name="rh4CommercialServer.requirementGroup.smokeSuit.Users.HappyDayImportFromCSV" tests="1" failures="0" timestamp="26 Dec 2016 06:12:09 GMT" time="53.113" errors="0">
  <testcase name="testHappyDay147076" time="53.113" classname="rh4CommercialServer.requirementGroup.smokeSuit.Users.HappyDayImportFromCSV"/>
</testsuite> <!-- rh4CommercialServer.requirementGroup.smokeSuit.Users.HappyDayImportFromCSV -->
