<?xml version="1.0" encoding="UTF-8"?>
<!-- Generated by org.testng.reporters.JUnitReportReporter -->
<testsuite hostname="Medweb-QSG" name="rh4CommercialServer.requirementGroup.smokeSuit.SystemStatus.HappyDayNetwork" tests="1" failures="0" timestamp="20 Jan 2017 12:43:39 GMT" time="28.453" errors="0">
  <testcase name="testHappyDay68302" time="28.453" classname="rh4CommercialServer.requirementGroup.smokeSuit.SystemStatus.HappyDayNetwork"/>
</testsuite> <!-- rh4CommercialServer.requirementGroup.smokeSuit.SystemStatus.HappyDayNetwork -->
