<?xml version="1.0" encoding="UTF-8"?>
<!-- Generated by org.testng.reporters.JUnitReportReporter -->
<testsuite hostname="Medweb-QSG" name="samppack.secondclass" tests="1" failures="0" timestamp="3 Feb 2017 11:06:34 GMT" time="0.016" errors="0">
  <testcase name="methods" time="0.016" classname="samppack.secondclass"/>
</testsuite> <!-- samppack.secondclass -->
