<?xml version="1.0" encoding="UTF-8"?>
<!-- Generated by org.testng.reporters.JUnitReportReporter -->
<testsuite hostname="Medweb-QSG" name="rh6CommercialServer.requirementGroup.smokeSuit.DICOMSettings.HappyDayReportTemplatesManagement" tests="1" failures="0" timestamp="17 Jan 2017 10:01:10 GMT" time="382.980" errors="0">
  <testcase name="testHappyDay122197" time="382.980" classname="rh6CommercialServer.requirementGroup.smokeSuit.DICOMSettings.HappyDayReportTemplatesManagement"/>
</testsuite> <!-- rh6CommercialServer.requirementGroup.smokeSuit.DICOMSettings.HappyDayReportTemplatesManagement -->
