<?xml version="1.0" encoding="UTF-8"?>
<!-- Generated by org.testng.reporters.JUnitReportReporter -->
<testsuite hostname="Medweb-QSG" name="rh4CommercialServer.requirementGroup.smokeSuit.MedwebRadiologyStatistics.HappyDayStudiesReceivedByServiceLocationAndDate" tests="1" failures="0" timestamp="23 Jan 2017 06:27:46 GMT" time="271.077" errors="0">
  <testcase name="testHappyDay103383" time="271.077" classname="rh4CommercialServer.requirementGroup.smokeSuit.MedwebRadiologyStatistics.HappyDayStudiesReceivedByServiceLocationAndDate"/>
</testsuite> <!-- rh4CommercialServer.requirementGroup.smokeSuit.MedwebRadiologyStatistics.HappyDayStudiesReceivedByServiceLocationAndDate -->
