<?xml version="1.0" encoding="UTF-8"?>
<!-- Generated by org.testng.reporters.JUnitReportReporter -->
<testsuite hostname="Medweb-QSG" name="rh6CommercialServer.requirementGroup.smokeSuit.UserGroups.HappyDayGroupFilters" tests="1" failures="0" timestamp="30 Jan 2017 05:48:57 GMT" time="220.782" errors="0">
  <testcase name="testHappyDay84151" time="220.782" classname="rh6CommercialServer.requirementGroup.smokeSuit.UserGroups.HappyDayGroupFilters"/>
</testsuite> <!-- rh6CommercialServer.requirementGroup.smokeSuit.UserGroups.HappyDayGroupFilters -->
