<?xml version="1.0" encoding="UTF-8"?>
<!-- Generated by org.testng.reporters.JUnitReportReporter -->
<testsuite hostname="Medweb-QSG" name="rh6CommercialServer.requirementGroup.smokeSuit.MedwebRadiologyStatistics.HappyDayScheduledOrdersReport" tests="1" failures="0" timestamp="9 Jan 2017 13:33:44 GMT" time="94.660" errors="0">
  <testcase name="testHappyDay107968" time="94.660" classname="rh6CommercialServer.requirementGroup.smokeSuit.MedwebRadiologyStatistics.HappyDayScheduledOrdersReport"/>
</testsuite> <!-- rh6CommercialServer.requirementGroup.smokeSuit.MedwebRadiologyStatistics.HappyDayScheduledOrdersReport -->
