<?xml version="1.0" encoding="UTF-8"?>
<!-- Generated by org.testng.reporters.JUnitReportReporter -->
<testsuite hostname="Medweb-QSG" name="rh6CommercialServer.requirementGroup.smokeSuit.AboutTheProductMedweb.HappyDayServerInformation" tests="1" failures="0" timestamp="19 Jan 2017 09:25:01 GMT" time="18.348" errors="0">
  <testcase name="testHappyDay128699" time="18.348" classname="rh6CommercialServer.requirementGroup.smokeSuit.AboutTheProductMedweb.HappyDayServerInformation"/>
</testsuite> <!-- rh6CommercialServer.requirementGroup.smokeSuit.AboutTheProductMedweb.HappyDayServerInformation -->
