<?xml version="1.0" encoding="UTF-8"?>
<!-- Generated by org.testng.reporters.JUnitReportReporter -->
<testsuite hostname="Medweb-QSG" name="rh4CommercialServer.requirementGroup.smokeSuit.ViewPatients.HappyDayImageManagementToolsBurnStudyToCDROM" tests="1" failures="0" timestamp="27 Dec 2016 06:35:56 GMT" time="215.913" errors="0">
  <testcase name="testHappyDay14351" time="215.913" classname="rh4CommercialServer.requirementGroup.smokeSuit.ViewPatients.HappyDayImageManagementToolsBurnStudyToCDROM"/>
</testsuite> <!-- rh4CommercialServer.requirementGroup.smokeSuit.ViewPatients.HappyDayImageManagementToolsBurnStudyToCDROM -->
