<?xml version="1.0" encoding="UTF-8"?>
<!-- Generated by org.testng.reporters.JUnitReportReporter -->
<testsuite hostname="Medweb-QSG" name="rh4CommercialServer.requirementGroup.smokeSuit.Locations.HappyDayImportFromCSV" tests="1" failures="0" timestamp="11 Jan 2017 07:44:20 GMT" time="66.751" errors="0">
  <testcase name="testHappyDay114204" time="66.751" classname="rh4CommercialServer.requirementGroup.smokeSuit.Locations.HappyDayImportFromCSV"/>
</testsuite> <!-- rh4CommercialServer.requirementGroup.smokeSuit.Locations.HappyDayImportFromCSV -->
