<?xml version="1.0" encoding="UTF-8"?>
<!-- Generated by org.testng.reporters.JUnitReportReporter -->
<testsuite hostname="Medweb-QSG" name="rh4CommercialServer.requirementGroup.smokeSuit.ControlPanelServices.HappyDayDICOMDevicesCheckerSettings" tests="1" failures="0" timestamp="17 Jan 2017 10:18:47 GMT" time="32.247" errors="0">
  <testcase name="testHappyDay61440" time="32.247" classname="rh4CommercialServer.requirementGroup.smokeSuit.ControlPanelServices.HappyDayDICOMDevicesCheckerSettings"/>
</testsuite> <!-- rh4CommercialServer.requirementGroup.smokeSuit.ControlPanelServices.HappyDayDICOMDevicesCheckerSettings -->
