<?xml version="1.0" encoding="UTF-8"?>
<!-- Generated by org.testng.reporters.JUnitReportReporter -->
<testsuite hostname="Medweb-QSG" name="rhel6DiacapServer.requirementGroup.smokeSuit.ControlPanelAccessRights.HappyDayUserAddAndRemoveAndPublicSiteAccess" tests="1" failures="0" timestamp="2 Feb 2017 11:37:23 GMT" time="95.513" errors="0">
  <testcase name="testHappyDay68270" time="95.513" classname="rhel6DiacapServer.requirementGroup.smokeSuit.ControlPanelAccessRights.HappyDayUserAddAndRemoveAndPublicSiteAccess"/>
</testsuite> <!-- rhel6DiacapServer.requirementGroup.smokeSuit.ControlPanelAccessRights.HappyDayUserAddAndRemoveAndPublicSiteAccess -->
