<?xml version="1.0" encoding="UTF-8"?>
<!-- Generated by org.testng.reporters.JUnitReportReporter -->
<testsuite hostname="Medweb-QSG" name="rh4CommercialServer.requirementGroup.smokeSuit.DICOMSettings.HappyDayRetainStudyStatStatusOption" tests="1" failures="0" timestamp="18 Jan 2017 12:47:41 GMT" time="102.566" errors="0">
  <testcase name="testHappyDay29965" time="102.566" classname="rh4CommercialServer.requirementGroup.smokeSuit.DICOMSettings.HappyDayRetainStudyStatStatusOption"/>
</testsuite> <!-- rh4CommercialServer.requirementGroup.smokeSuit.DICOMSettings.HappyDayRetainStudyStatStatusOption -->
