<?xml version="1.0" encoding="UTF-8"?>
<!-- Generated by org.testng.reporters.JUnitReportReporter -->
<testsuite hostname="Medweb-QSG" name="requirementGroup.SmokeSuit.SystemStatus.HappyDayMemoryStatus" tests="2" failures="0" timestamp="12 Oct 2016 22:51:57 GMT" time="41.522" errors="0">
  <testcase name="testHappyDay93349" time="21.406" classname="requirementGroup.SmokeSuit.SystemStatus.HappyDayMemoryStatus"/>
  <testcase name="testHappyDay68298" time="20.116" classname="requirementGroup.SmokeSuit.SystemStatus.HappyDayMemoryStatus"/>
</testsuite> <!-- requirementGroup.SmokeSuit.SystemStatus.HappyDayMemoryStatus -->
