<?xml version="1.0" encoding="UTF-8"?>
<!-- Generated by org.testng.reporters.JUnitReportReporter -->
<testsuite hostname="Medweb-QSG" name="rh4CommercialServer.requirementGroup.smokeSuit.ControlPanelServices.HappyDayPatientPageLayout" tests="1" failures="0" timestamp="17 Jan 2017 12:15:08 GMT" time="47.056" errors="0">
  <testcase name="testHappyDay125357" time="47.056" classname="rh4CommercialServer.requirementGroup.smokeSuit.ControlPanelServices.HappyDayPatientPageLayout"/>
</testsuite> <!-- rh4CommercialServer.requirementGroup.smokeSuit.ControlPanelServices.HappyDayPatientPageLayout -->
