<?xml version="1.0" encoding="UTF-8"?>
<!-- Generated by org.testng.reporters.JUnitReportReporter -->
<testsuite hostname="Medweb-QSG" name="rh4CommercialServer.requirementGroup.smokeSuit.ControlPanelServices.HappyDayHL7Router" tests="1" failures="0" timestamp="17 Jan 2017 10:53:17 GMT" time="34.522" errors="0">
  <testcase name="testHappyDay85551" time="34.522" classname="rh4CommercialServer.requirementGroup.smokeSuit.ControlPanelServices.HappyDayHL7Router"/>
</testsuite> <!-- rh4CommercialServer.requirementGroup.smokeSuit.ControlPanelServices.HappyDayHL7Router -->
