<?xml version="1.0" encoding="UTF-8"?>
<!-- Generated by org.testng.reporters.JUnitReportReporter -->
<testsuite hostname="Medweb-QSG" name="rhel4DiacapServer.requirementGroup.smokeSuit.AboutTheProductMedweb.HappyDayServerInformation" tests="1" failures="0" timestamp="1 Feb 2017 10:20:47 GMT" time="19.622" errors="0">
  <testcase name="testHappyDay128699" time="19.622" classname="rhel4DiacapServer.requirementGroup.smokeSuit.AboutTheProductMedweb.HappyDayServerInformation"/>
</testsuite> <!-- rhel4DiacapServer.requirementGroup.smokeSuit.AboutTheProductMedweb.HappyDayServerInformation -->
