<?xml version="1.0" encoding="UTF-8"?>
<!-- Generated by org.testng.reporters.JUnitReportReporter -->
<testsuite hostname="Medweb-QSG" name="requirementGroup.SmokeSuit.ControlPanelAccessRights.HappyDayUserAddAndRemoveAndPublicSiteAccess" tests="1" failures="0" timestamp="12 Dec 2016 10:54:41 GMT" time="86.579" errors="0">
  <testcase name="testHappyDay68261" time="86.579" classname="requirementGroup.SmokeSuit.ControlPanelAccessRights.HappyDayUserAddAndRemoveAndPublicSiteAccess"/>
</testsuite> <!-- requirementGroup.SmokeSuit.ControlPanelAccessRights.HappyDayUserAddAndRemoveAndPublicSiteAccess -->
