<?xml version="1.0" encoding="UTF-8"?>
<!-- Generated by org.testng.reporters.JUnitReportReporter -->
<testsuite hostname="Medweb-QSG" name="requirementGroup.SmokeSuit.DICOMSettings.HappyDayDICOMDevicesChecker" tests="2" failures="0" timestamp="5 Dec 2016 08:02:20 GMT" time="99.687" errors="0">
  <testcase name="testHappyDay68378" time="35.395" classname="requirementGroup.SmokeSuit.DICOMSettings.HappyDayDICOMDevicesChecker"/>
  <testcase name="testHappyDay68378" time="64.292" classname="requirementGroup.SmokeSuit.DICOMSettings.HappyDayDICOMDevicesChecker"/>
</testsuite> <!-- requirementGroup.SmokeSuit.DICOMSettings.HappyDayDICOMDevicesChecker -->
