<?xml version="1.0" encoding="UTF-8"?>
<!-- Generated by org.testng.reporters.JUnitReportReporter -->
<testsuite hostname="Medweb-QSG" name="rh4CommercialServer.requirementGroup.smokeSuit.MedwebRadiologyStatistics.HappyDayOrdersCreatedByDoctorAndDate" tests="1" failures="0" timestamp="9 Jan 2017 06:30:31 GMT" time="139.594" errors="0">
  <testcase name="testHappyDay104299" time="139.594" classname="rh4CommercialServer.requirementGroup.smokeSuit.MedwebRadiologyStatistics.HappyDayOrdersCreatedByDoctorAndDate"/>
</testsuite> <!-- rh4CommercialServer.requirementGroup.smokeSuit.MedwebRadiologyStatistics.HappyDayOrdersCreatedByDoctorAndDate -->
