<?xml version="1.0" encoding="UTF-8"?>
<!-- Generated by org.testng.reporters.JUnitReportReporter -->
<testsuite hostname="Medweb-QSG" name="rh4CommercialServer.requirementGroup.smokeSuit.MedwebRadiologyStatistics.HappyDayReportsCreatedByMTFDoctorsAndDate" tests="1" failures="0" timestamp="9 Jan 2017 11:17:24 GMT" time="155.501" errors="0">
  <testcase name="testHappyDay69326" time="155.501" classname="rh4CommercialServer.requirementGroup.smokeSuit.MedwebRadiologyStatistics.HappyDayReportsCreatedByMTFDoctorsAndDate"/>
</testsuite> <!-- rh4CommercialServer.requirementGroup.smokeSuit.MedwebRadiologyStatistics.HappyDayReportsCreatedByMTFDoctorsAndDate -->
