<?xml version="1.0" encoding="UTF-8"?>
<!-- Generated by org.testng.reporters.JUnitReportReporter -->
<testsuite hostname="Medweb-QSG" name="requirementGroup.SmokeSuit.MedwebRadiologyStatistics.HappyDayBillingReport" tests="1" failures="0" timestamp="12 Oct 2016 22:51:57 GMT" time="157.793" errors="0">
  <testcase name="testHappyDay69333" time="157.793" classname="requirementGroup.SmokeSuit.MedwebRadiologyStatistics.HappyDayBillingReport"/>
</testsuite> <!-- requirementGroup.SmokeSuit.MedwebRadiologyStatistics.HappyDayBillingReport -->
