<?xml version="1.0" encoding="UTF-8"?>
<!-- Generated by org.testng.reporters.JUnitReportReporter -->
<testsuite hostname="Medweb-QSG" name="requirementGroup.SmokeSuit.ViewPatients.HappyDayWebReportsCreateReportsInReportEditor" tests="1" failures="0" timestamp="13 Dec 2016 11:00:22 GMT" time="61.332" errors="0">
  <testcase name="testHappyDay68564modd" time="61.332" classname="requirementGroup.SmokeSuit.ViewPatients.HappyDayWebReportsCreateReportsInReportEditor"/>
</testsuite> <!-- requirementGroup.SmokeSuit.ViewPatients.HappyDayWebReportsCreateReportsInReportEditor -->
