<?xml version="1.0" encoding="UTF-8"?>
<!-- Generated by org.testng.reporters.JUnitReportReporter -->
<testsuite hostname="Medweb-QSG" name="requirementGroup.SmokeSuit.DICOMSettings.HappyDayReportTemplatesManagement" tests="1" failures="0" timestamp="24 Oct 2016 12:16:32 GMT" time="191.781" errors="0">
  <testcase name="testHappyDay122195" time="191.781" classname="requirementGroup.SmokeSuit.DICOMSettings.HappyDayReportTemplatesManagement"/>
</testsuite> <!-- requirementGroup.SmokeSuit.DICOMSettings.HappyDayReportTemplatesManagement -->
