<?xml version="1.0" encoding="UTF-8"?>
<!-- Generated by org.testng.reporters.JUnitReportReporter -->
<testsuite hostname="Medweb-QSG" name="requirementGroup.Locations.HappyDayAddLocations" tests="1" failures="0" timestamp="8 Mar 2016 06:04:04 GMT" time="45.129" errors="0">
  <testcase name="testHappyDay68158" time="45.129" classname="requirementGroup.Locations.HappyDayAddLocations"/>
</testsuite> <!-- requirementGroup.Locations.HappyDayAddLocations -->
