<?xml version="1.0" encoding="UTF-8"?>
<!-- Generated by org.testng.reporters.JUnitReportReporter -->
<testsuite hostname="Medweb-QSG" name="rh6CommercialServer.requirementGroup.smokeSuit.SystemStatus.HappyDayUptime" tests="1" failures="0" timestamp="3 Jan 2017 09:42:46 GMT" time="27.435" errors="0">
  <testcase name="testHappyDay68304" time="27.435" classname="rh6CommercialServer.requirementGroup.smokeSuit.SystemStatus.HappyDayUptime"/>
</testsuite> <!-- rh6CommercialServer.requirementGroup.smokeSuit.SystemStatus.HappyDayUptime -->
