<?xml version="1.0" encoding="UTF-8"?>
<!-- Generated by org.testng.reporters.JUnitReportReporter -->
<testsuite hostname="Medweb-QSG" name="rh6CommercialServer.requirementGroup.smokeSuit.ViewPatients.HappyDayImageManagementToolsSendStudiesToDICOMStorage" tests="1" failures="0" timestamp="29 Dec 2016 11:43:22 GMT" time="329.870" errors="0">
  <testcase name="testHappyDay68609" time="329.870" classname="rh6CommercialServer.requirementGroup.smokeSuit.ViewPatients.HappyDayImageManagementToolsSendStudiesToDICOMStorage"/>
</testsuite> <!-- rh6CommercialServer.requirementGroup.smokeSuit.ViewPatients.HappyDayImageManagementToolsSendStudiesToDICOMStorage -->
