<?xml version="1.0" encoding="UTF-8"?>
<!-- Generated by org.testng.reporters.JUnitReportReporter -->
<testsuite hostname="Medweb-QSG" name="rh6CommercialServer.requirementGroup.smokeSuit.ControlPanelServices.HappyDayHL7Server" tests="1" failures="0" timestamp="17 Jan 2017 11:10:29 GMT" time="27.331" errors="0">
  <testcase name="testHappyDay85556" time="27.331" classname="rh6CommercialServer.requirementGroup.smokeSuit.ControlPanelServices.HappyDayHL7Server"/>
</testsuite> <!-- rh6CommercialServer.requirementGroup.smokeSuit.ControlPanelServices.HappyDayHL7Server -->
