<?xml version="1.0" encoding="UTF-8"?>
<!-- Generated by org.testng.reporters.JUnitReportReporter -->
<testsuite hostname="Medweb-QSG" name="rh6CommercialServer.requirementGroup.smokeSuit.RISSettings.HappyDayClinicsAndMachines" tests="2" failures="0" timestamp="3 Jan 2017 11:06:19 GMT" time="109.586" errors="0">
  <testcase name="testHappyDay62755" time="32.607" classname="rh6CommercialServer.requirementGroup.smokeSuit.RISSettings.HappyDayClinicsAndMachines"/>
  <testcase name="testHappyDay171659" time="76.979" classname="rh6CommercialServer.requirementGroup.smokeSuit.RISSettings.HappyDayClinicsAndMachines"/>
</testsuite> <!-- rh6CommercialServer.requirementGroup.smokeSuit.RISSettings.HappyDayClinicsAndMachines -->
