<?xml version="1.0" encoding="UTF-8"?>
<!-- Generated by org.testng.reporters.JUnitReportReporter -->
<testsuite hostname="Medweb-QSG" name="requirementGroup.SmokeSuit.Network.HappyDayPortChecker" tests="1" failures="0" timestamp="12 Oct 2016 22:51:57 GMT" time="62.044" errors="0">
  <testcase name="testHappyDay68184" time="62.044" classname="requirementGroup.SmokeSuit.Network.HappyDayPortChecker"/>
</testsuite> <!-- requirementGroup.SmokeSuit.Network.HappyDayPortChecker -->
