<?xml version="1.0" encoding="UTF-8"?>
<!-- Generated by org.testng.reporters.JUnitReportReporter -->
<testsuite hostname="Medweb-QSG" name="rh4CommercialServer.requirementGroup.smokeSuit.MedwebRadiologyStatistics.HappyDayStudiesOrImagesSentByAddressAndDate" tests="1" failures="0" timestamp="10 Jan 2017 06:04:33 GMT" time="135.969" errors="0">
  <testcase name="testHappyDay69322" time="135.969" classname="rh4CommercialServer.requirementGroup.smokeSuit.MedwebRadiologyStatistics.HappyDayStudiesOrImagesSentByAddressAndDate"/>
</testsuite> <!-- rh4CommercialServer.requirementGroup.smokeSuit.MedwebRadiologyStatistics.HappyDayStudiesOrImagesSentByAddressAndDate -->
