<?xml version="1.0" encoding="UTF-8"?>
<!-- Generated by org.testng.reporters.JUnitReportReporter -->
<testsuite hostname="Medweb-QSG" name="rh6CommercialServer.requirementGroup.smokeSuit.MedwebRadiologyStatistics.HappyDayReportsCreatedByMTFDoctorsAndDate" tests="1" failures="0" timestamp="9 Jan 2017 13:08:12 GMT" time="168.056" errors="0">
  <testcase name="testHappyDay69326" time="168.056" classname="rh6CommercialServer.requirementGroup.smokeSuit.MedwebRadiologyStatistics.HappyDayReportsCreatedByMTFDoctorsAndDate"/>
</testsuite> <!-- rh6CommercialServer.requirementGroup.smokeSuit.MedwebRadiologyStatistics.HappyDayReportsCreatedByMTFDoctorsAndDate -->
