<?xml version="1.0" encoding="UTF-8"?>
<!-- Generated by org.testng.reporters.JUnitReportReporter -->
<testsuite hostname="Medweb-QSG" name="requirementGroup.RISPatientSchedule.HappyDayPatientRegistration" tests="1" failures="0" timestamp="8 Mar 2016 10:40:20 GMT" time="40.804" errors="0">
  <testcase name="testHappyDay62719" time="40.804" classname="requirementGroup.RISPatientSchedule.HappyDayPatientRegistration"/>
</testsuite> <!-- requirementGroup.RISPatientSchedule.HappyDayPatientRegistration -->
