<?xml version="1.0" encoding="UTF-8"?>
<!-- Generated by org.testng.reporters.JUnitReportReporter -->
<testsuite hostname="Medweb-QSG" name="rh6CommercialServer.requirementGroup.smokeSuit.ViewPatients.HappyDayImageManagementToolsSaveStudiesToLocalPC" tests="1" failures="0" timestamp="29 Dec 2016 07:02:50 GMT" time="191.257" errors="0">
  <testcase name="testHappyDay68479" time="191.257" classname="rh6CommercialServer.requirementGroup.smokeSuit.ViewPatients.HappyDayImageManagementToolsSaveStudiesToLocalPC"/>
</testsuite> <!-- rh6CommercialServer.requirementGroup.smokeSuit.ViewPatients.HappyDayImageManagementToolsSaveStudiesToLocalPC -->
