<?xml version="1.0" encoding="UTF-8"?>
<!-- Generated by org.testng.reporters.JUnitReportReporter -->
<testsuite hostname="Medweb-QSG" name="rh6CommercialServer.requirementGroup.smokeSuit.SystemStatus.HappyDayNetwork" tests="1" failures="0" timestamp="3 Jan 2017 09:36:57 GMT" time="25.904" errors="0">
  <testcase name="testHappyDay68302" time="25.904" classname="rh6CommercialServer.requirementGroup.smokeSuit.SystemStatus.HappyDayNetwork"/>
</testsuite> <!-- rh6CommercialServer.requirementGroup.smokeSuit.SystemStatus.HappyDayNetwork -->
