<?xml version="1.0" encoding="UTF-8"?>
<!-- Generated by org.testng.reporters.JUnitReportReporter -->
<testsuite hostname="Medweb-QSG" name="rh6CommercialServer.requirementGroup.smokeSuit.UserGroups.HappyDayManageGroups" tests="1" failures="0" timestamp="20 Jan 2017 07:48:04 GMT" time="718.205" errors="0">
  <testcase name="testHappyDay122285" time="718.205" classname="rh6CommercialServer.requirementGroup.smokeSuit.UserGroups.HappyDayManageGroups"/>
</testsuite> <!-- rh6CommercialServer.requirementGroup.smokeSuit.UserGroups.HappyDayManageGroups -->
