<?xml version="1.0" encoding="UTF-8"?>
<!-- Generated by org.testng.reporters.JUnitReportReporter -->
<testsuite hostname="Medweb-QSG" name="rh6CommercialServer.requirementGroup.smokeSuit.ServiceStatus.HappyDaySNMP" tests="1" failures="0" timestamp="3 Jan 2017 09:50:56 GMT" time="25.783" errors="0">
  <testcase name="testHappyDay125354" time="25.783" classname="rh6CommercialServer.requirementGroup.smokeSuit.ServiceStatus.HappyDaySNMP"/>
</testsuite> <!-- rh6CommercialServer.requirementGroup.smokeSuit.ServiceStatus.HappyDaySNMP -->
