<?xml version="1.0" encoding="UTF-8"?>
<!-- Generated by org.testng.reporters.JUnitReportReporter -->
<testsuite hostname="Medweb-QSG" name="requirementGroup.SmokeSuit.Users.HappyDayImportFromCSV" tests="1" failures="0" timestamp="13 Oct 2016 16:37:35 GMT" time="62.350" errors="0">
  <testcase name="testHappyDay114205" time="62.350" classname="requirementGroup.SmokeSuit.Users.HappyDayImportFromCSV"/>
</testsuite> <!-- requirementGroup.SmokeSuit.Users.HappyDayImportFromCSV -->
