<?xml version="1.0" encoding="UTF-8"?>
<!-- Generated by org.testng.reporters.JUnitReportReporter -->
<testsuite hostname="Medweb-QSG" name="rh4CommercialServer.requirementGroup.smokeSuit.MedwebRadiologyStatistics.HappyDayStudyEventsAudit" tests="1" failures="0" timestamp="25 Jan 2017 11:32:28 GMT" time="201.850" errors="0">
  <testcase name="testHappyDay69330" time="201.850" classname="rh4CommercialServer.requirementGroup.smokeSuit.MedwebRadiologyStatistics.HappyDayStudyEventsAudit"/>
</testsuite> <!-- rh4CommercialServer.requirementGroup.smokeSuit.MedwebRadiologyStatistics.HappyDayStudyEventsAudit -->
