<?xml version="1.0" encoding="UTF-8"?>
<!-- Generated by org.testng.reporters.JUnitReportReporter -->
<testsuite hostname="Medweb-QSG" name="rh4CommercialServer.requirementGroup.smokeSuit.Maintenance.HappyDayBackup" tests="1" failures="0" timestamp="11 Jan 2017 05:30:42 GMT" time="71.274" errors="0">
  <testcase name="testHappyDay105527" time="71.274" classname="rh4CommercialServer.requirementGroup.smokeSuit.Maintenance.HappyDayBackup"/>
</testsuite> <!-- rh4CommercialServer.requirementGroup.smokeSuit.Maintenance.HappyDayBackup -->
