<?xml version="1.0" encoding="UTF-8"?>
<!-- Generated by org.testng.reporters.JUnitReportReporter -->
<testsuite hostname="Medweb-QSG" name="rh4CommercialServer.requirementGroup.smokeSuit.ControlPanelServices.HappyDayHL7Server" tests="1" failures="0" timestamp="17 Jan 2017 11:11:29 GMT" time="30.357" errors="0">
  <testcase name="testHappyDay85556" time="30.357" classname="rh4CommercialServer.requirementGroup.smokeSuit.ControlPanelServices.HappyDayHL7Server"/>
</testsuite> <!-- rh4CommercialServer.requirementGroup.smokeSuit.ControlPanelServices.HappyDayHL7Server -->
