<?xml version="1.0" encoding="UTF-8"?>
<!-- Generated by org.testng.reporters.JUnitReportReporter -->
<testsuite hostname="Medweb-QSG" name="requirementGroup.SmokeSuit.UserGroups.HappyDayCreateGroup" tests="7" failures="0" timestamp="12 Oct 2016 22:51:57 GMT" time="364.532" errors="0">
  <testcase name="testHappyDay66695" time="91.653" classname="requirementGroup.SmokeSuit.UserGroups.HappyDayCreateGroup"/>
  <testcase name="testHappyDay125792" time="37.214" classname="requirementGroup.SmokeSuit.UserGroups.HappyDayCreateGroup"/>
  <testcase name="testHappyDay68015" time="33.231" classname="requirementGroup.SmokeSuit.UserGroups.HappyDayCreateGroup"/>
  <testcase name="testHappyDay68028" time="65.742" classname="requirementGroup.SmokeSuit.UserGroups.HappyDayCreateGroup"/>
  <testcase name="testHappyDay84079" time="45.854" classname="requirementGroup.SmokeSuit.UserGroups.HappyDayCreateGroup"/>
  <testcase name="testHappyDay84068" time="66.456" classname="requirementGroup.SmokeSuit.UserGroups.HappyDayCreateGroup"/>
  <testcase name="testHappyDay84091" time="24.382" classname="requirementGroup.SmokeSuit.UserGroups.HappyDayCreateGroup"/>
</testsuite> <!-- requirementGroup.SmokeSuit.UserGroups.HappyDayCreateGroup -->
