<?xml version="1.0" encoding="UTF-8"?>
<!-- Generated by org.testng.reporters.JUnitReportReporter -->
<testsuite hostname="Medweb-QSG" name="requirementGroup.SmokeSuit.SystemStatus.HappyDayDisk" tests="1" failures="0" timestamp="9 Dec 2016 11:55:57 GMT" time="26.466" errors="0">
  <testcase name="testHappyDay179089" time="26.466" classname="requirementGroup.SmokeSuit.SystemStatus.HappyDayDisk"/>
</testsuite> <!-- requirementGroup.SmokeSuit.SystemStatus.HappyDayDisk -->
