<?xml version="1.0" encoding="UTF-8"?>
<!-- Generated by org.testng.reporters.JUnitReportReporter -->
<testsuite hostname="Medweb-QSG" name="rh4CommercialServer.requirementGroup.smokeSuit.ViewPatients.HappyDayWebReportsSendStandardReportsToReferringMDs" tests="1" failures="0" timestamp="23 Jan 2017 11:36:15 GMT" time="198.275" errors="0">
  <testcase name="testHappyDay107966" time="198.275" classname="rh4CommercialServer.requirementGroup.smokeSuit.ViewPatients.HappyDayWebReportsSendStandardReportsToReferringMDs"/>
</testsuite> <!-- rh4CommercialServer.requirementGroup.smokeSuit.ViewPatients.HappyDayWebReportsSendStandardReportsToReferringMDs -->
