<?xml version="1.0" encoding="UTF-8"?>
<!-- Generated by org.testng.reporters.JUnitReportReporter -->
<testsuite hostname="Medweb-QSG" name="rh4CommercialServer.requirementGroup.smokeSuit.PersonalProfile.HappyDayPersonalProfilePage" tests="1" failures="0" timestamp="6 Jan 2017 06:38:09 GMT" time="379.386" errors="0">
  <testcase name="testHappyDay84688" time="379.386" classname="rh4CommercialServer.requirementGroup.smokeSuit.PersonalProfile.HappyDayPersonalProfilePage"/>
</testsuite> <!-- rh4CommercialServer.requirementGroup.smokeSuit.PersonalProfile.HappyDayPersonalProfilePage -->
