<?xml version="1.0" encoding="UTF-8"?>
<!-- Generated by org.testng.reporters.JUnitReportReporter -->
<testsuite hostname="Medweb-QSG" name="rh6CommercialServer.requirementGroup.smokeSuit.MedwebRadiologyStatistics.HappyDayStudiesStudiesReceivedByMTFAndDate" tests="1" failures="0" timestamp="25 Jan 2017 12:20:52 GMT" time="162.611" errors="0">
  <testcase name="testHappyDay69316" time="162.611" classname="rh6CommercialServer.requirementGroup.smokeSuit.MedwebRadiologyStatistics.HappyDayStudiesStudiesReceivedByMTFAndDate"/>
</testsuite> <!-- rh6CommercialServer.requirementGroup.smokeSuit.MedwebRadiologyStatistics.HappyDayStudiesStudiesReceivedByMTFAndDate -->
