<?xml version="1.0" encoding="UTF-8"?>
<!-- Generated by org.testng.reporters.JUnitReportReporter -->
<testsuite hostname="Medweb-QSG" name="rh6CommercialServer.requirementGroup.smokeSuit.Network.HappyDayPortChecker" tests="1" failures="0" timestamp="6 Jan 2017 07:27:00 GMT" time="45.658" errors="0">
  <testcase name="testHappyDay68184" time="45.658" classname="rh6CommercialServer.requirementGroup.smokeSuit.Network.HappyDayPortChecker"/>
</testsuite> <!-- rh6CommercialServer.requirementGroup.smokeSuit.Network.HappyDayPortChecker -->
