<?xml version="1.0" encoding="UTF-8"?>
<!-- Generated by org.testng.reporters.JUnitReportReporter -->
<testsuite hostname="Medweb-QSG" name="requirementGroup.SmokeSuit.MedwebRadiologyStatistics.HappyDayStudiesImagesReceivedByClinicAndDate" tests="1" failures="0" timestamp="12 Oct 2016 22:51:57 GMT" time="195.596" errors="0">
  <testcase name="testHappyDay69321" time="195.596" classname="requirementGroup.SmokeSuit.MedwebRadiologyStatistics.HappyDayStudiesImagesReceivedByClinicAndDate"/>
</testsuite> <!-- requirementGroup.SmokeSuit.MedwebRadiologyStatistics.HappyDayStudiesImagesReceivedByClinicAndDate -->
