<?xml version="1.0" encoding="UTF-8"?>
<!-- Generated by org.testng.reporters.JUnitReportReporter -->
<testsuite hostname="Medweb-QSG" name="rh6CommercialServer.requirementGroup.smokeSuit.DICOMSettings.HappyDayRetainStudyStatStatusOption" tests="1" failures="0" timestamp="16 Jan 2017 14:01:00 GMT" time="102.929" errors="0">
  <testcase name="testHappyDay29965" time="102.929" classname="rh6CommercialServer.requirementGroup.smokeSuit.DICOMSettings.HappyDayRetainStudyStatStatusOption"/>
</testsuite> <!-- rh6CommercialServer.requirementGroup.smokeSuit.DICOMSettings.HappyDayRetainStudyStatStatusOption -->
