<?xml version="1.0" encoding="UTF-8"?>
<!-- Generated by org.testng.reporters.JUnitReportReporter -->
<testsuite hostname="Medweb-QSG" name="rh6CommercialServer.requirementGroup.smokeSuit.DICOMSettings.HappyDayDICOMDevicesChecker" tests="1" failures="0" timestamp="12 Jan 2017 12:33:15 GMT" time="70.271" errors="0">
  <testcase name="testHappyDay68378" time="70.271" classname="rh6CommercialServer.requirementGroup.smokeSuit.DICOMSettings.HappyDayDICOMDevicesChecker"/>
</testsuite> <!-- rh6CommercialServer.requirementGroup.smokeSuit.DICOMSettings.HappyDayDICOMDevicesChecker -->
