<?xml version="1.0" encoding="UTF-8"?>
<!-- Generated by org.testng.reporters.JUnitReportReporter -->
<testsuite hostname="Medweb-QSG" name="requirementGroup.UserGroups.EdgeCaseCreateGroup" tests="1" failures="0" timestamp="26 Nov 2015 17:59:26 GMT" time="38.901" errors="0">
  <testcase name="testEdgeCase84129" time="38.901" classname="requirementGroup.UserGroups.EdgeCaseCreateGroup"/>
</testsuite> <!-- requirementGroup.UserGroups.EdgeCaseCreateGroup -->
