<?xml version="1.0" encoding="UTF-8"?>
<!-- Generated by org.testng.reporters.JUnitReportReporter -->
<testsuite hostname="Medweb-QSG" name="rh4CommercialServer.requirementGroup.smokeSuit.DICOMSettings.HappyDayDICOMDevicesChecker" tests="1" failures="0" timestamp="18 Jan 2017 12:30:55 GMT" time="71.431" errors="0">
  <testcase name="testHappyDay68378" time="71.431" classname="rh4CommercialServer.requirementGroup.smokeSuit.DICOMSettings.HappyDayDICOMDevicesChecker"/>
</testsuite> <!-- rh4CommercialServer.requirementGroup.smokeSuit.DICOMSettings.HappyDayDICOMDevicesChecker -->
