<?xml version="1.0" encoding="UTF-8"?>
<!-- Generated by org.testng.reporters.JUnitReportReporter -->
<testsuite hostname="Medweb-QSG" name="rh6CommercialServer.requirementGroup.smokeSuit.MedwebRadiologyStatistics.HappyDayStudiesReceivedByServiceLocationAndDate" tests="1" failures="0" timestamp="23 Jan 2017 07:05:00 GMT" time="231.548" errors="0">
  <testcase name="testHappyDay103383" time="231.548" classname="rh6CommercialServer.requirementGroup.smokeSuit.MedwebRadiologyStatistics.HappyDayStudiesReceivedByServiceLocationAndDate"/>
</testsuite> <!-- rh6CommercialServer.requirementGroup.smokeSuit.MedwebRadiologyStatistics.HappyDayStudiesReceivedByServiceLocationAndDate -->
