<?xml version="1.0" encoding="UTF-8"?>
<!-- Generated by org.testng.reporters.JUnitReportReporter -->
<testsuite hostname="Medweb-QSG" name="rh6CommercialServer.requirementGroup.smokeSuit.ControlPanelLocalsiteInfo.HappyDayLocalSiteInformationPage" tests="1" failures="0" timestamp="18 Jan 2017 09:01:25 GMT" time="54.990" errors="0">
  <testcase name="testHappyDay68274" time="54.990" classname="rh6CommercialServer.requirementGroup.smokeSuit.ControlPanelLocalsiteInfo.HappyDayLocalSiteInformationPage"/>
</testsuite> <!-- rh6CommercialServer.requirementGroup.smokeSuit.ControlPanelLocalsiteInfo.HappyDayLocalSiteInformationPage -->
