<?xml version="1.0" encoding="UTF-8"?>
<!-- Generated by org.testng.reporters.JUnitReportReporter -->
<testsuite hostname="Medweb-QSG" name="rh6CommercialServer.requirementGroup.smokeSuit.Users.HappyDayUserInterfaceAndViewerOptionsInCSVFile" tests="1" failures="0" timestamp="27 Dec 2016 06:00:30 GMT" time="54.654" errors="0">
  <testcase name="testHappyDay125778" time="54.654" classname="rh6CommercialServer.requirementGroup.smokeSuit.Users.HappyDayUserInterfaceAndViewerOptionsInCSVFile"/>
</testsuite> <!-- rh6CommercialServer.requirementGroup.smokeSuit.Users.HappyDayUserInterfaceAndViewerOptionsInCSVFile -->
