<?xml version="1.0" encoding="UTF-8"?>
<!-- Generated by org.testng.reporters.JUnitReportReporter -->
<testsuite hostname="Medweb-QSG" name="rh4CommercialServer.requirementGroup.smokeSuit.ViewPatients.HappyDaySearchUsingAdvancedSearchBar" tests="1" failures="0" timestamp="29 Dec 2016 11:54:50 GMT" time="99.154" errors="0">
  <testcase name="testHappyDay68544" time="99.154" classname="rh4CommercialServer.requirementGroup.smokeSuit.ViewPatients.HappyDaySearchUsingAdvancedSearchBar"/>
</testsuite> <!-- rh4CommercialServer.requirementGroup.smokeSuit.ViewPatients.HappyDaySearchUsingAdvancedSearchBar -->
