<?xml version="1.0" encoding="UTF-8"?>
<!-- Generated by org.testng.reporters.JUnitReportReporter -->
<testsuite hostname="Medweb-QSG" name="rh6CommercialServer.requirementGroup.smokeSuit.SystemStatus.HappyDayMemoryStatus" tests="1" failures="0" timestamp="3 Jan 2017 09:28:07 GMT" time="23.048" errors="0">
  <testcase name="testHappyDay93349" time="23.048" classname="rh6CommercialServer.requirementGroup.smokeSuit.SystemStatus.HappyDayMemoryStatus"/>
</testsuite> <!-- rh6CommercialServer.requirementGroup.smokeSuit.SystemStatus.HappyDayMemoryStatus -->
