<?xml version="1.0" encoding="UTF-8"?>
<!-- Generated by org.testng.reporters.JUnitReportReporter -->
<testsuite hostname="Medweb-QSG" name="rh4CommercialServer.requirementGroup.smokeSuit.UserGroups.HappyDayCreateGroup" tests="1" failures="0" timestamp="20 Jan 2017 12:08:42 GMT" time="28.512" errors="0">
  <testcase name="testHappyDay84091" time="28.512" classname="rh4CommercialServer.requirementGroup.smokeSuit.UserGroups.HappyDayCreateGroup"/>
</testsuite> <!-- rh4CommercialServer.requirementGroup.smokeSuit.UserGroups.HappyDayCreateGroup -->
