<?xml version="1.0" encoding="UTF-8"?>
<!-- Generated by org.testng.reporters.JUnitReportReporter -->
<testsuite hostname="Medweb-QSG" name="rh6CommercialServer.requirementGroup.smokeSuit.RISMachineSchedule.HappyDayMachineSchedule" tests="3" failures="0" timestamp="5 Jan 2017 12:14:18 GMT" time="133.881" errors="0">
  <testcase name="testHappyDay68461" time="51.828" classname="rh6CommercialServer.requirementGroup.smokeSuit.RISMachineSchedule.HappyDayMachineSchedule"/>
  <testcase name="testHappyDay68463" time="22.177" classname="rh6CommercialServer.requirementGroup.smokeSuit.RISMachineSchedule.HappyDayMachineSchedule"/>
  <testcase name="testHappyDay70213" time="59.876" classname="rh6CommercialServer.requirementGroup.smokeSuit.RISMachineSchedule.HappyDayMachineSchedule"/>
</testsuite> <!-- rh6CommercialServer.requirementGroup.smokeSuit.RISMachineSchedule.HappyDayMachineSchedule -->
