<?xml version="1.0" encoding="UTF-8"?>
<!-- Generated by org.testng.reporters.JUnitReportReporter -->
<testsuite hostname="Medweb-QSG" name="requirementGroup.SmokeSuit.ControlPanelServices.HappyDayWorkflowProxy" tests="1" failures="0" timestamp="12 Oct 2016 22:51:57 GMT" time="33.047" errors="0">
  <testcase name="testHappyDay68191" time="33.047" classname="requirementGroup.SmokeSuit.ControlPanelServices.HappyDayWorkflowProxy"/>
</testsuite> <!-- requirementGroup.SmokeSuit.ControlPanelServices.HappyDayWorkflowProxy -->
