<?xml version="1.0" encoding="UTF-8"?>
<!-- Generated by org.testng.reporters.JUnitReportReporter -->
<testsuite hostname="Medweb-QSG" name="rh4CommercialServer.requirementGroup.smokeSuit.ViewPatients.HappyDayImageManagementToolsManageAccessPermissions" tests="1" failures="0" timestamp="27 Dec 2016 06:53:38 GMT" time="168.296" errors="0">
  <testcase name="testHappyDay68451" time="168.296" classname="rh4CommercialServer.requirementGroup.smokeSuit.ViewPatients.HappyDayImageManagementToolsManageAccessPermissions"/>
</testsuite> <!-- rh4CommercialServer.requirementGroup.smokeSuit.ViewPatients.HappyDayImageManagementToolsManageAccessPermissions -->
