<?xml version="1.0" encoding="UTF-8"?>
<!-- Generated by org.testng.reporters.JUnitReportReporter -->
<testsuite hostname="Medweb-QSG" name="rh4CommercialServer.requirementGroup.smokeSuit.MedwebRadiologyStatistics.HappyDayListOfStudiesWithoutReports" tests="1" failures="0" timestamp="9 Jan 2017 06:01:29 GMT" time="90.265" errors="0">
  <testcase name="testHappyDay71062" time="90.265" classname="rh4CommercialServer.requirementGroup.smokeSuit.MedwebRadiologyStatistics.HappyDayListOfStudiesWithoutReports"/>
</testsuite> <!-- rh4CommercialServer.requirementGroup.smokeSuit.MedwebRadiologyStatistics.HappyDayListOfStudiesWithoutReports -->
