<?xml version="1.0" encoding="UTF-8"?>
<!-- Generated by org.testng.reporters.JUnitReportReporter -->
<testsuite hostname="Medweb-QSG" name="rh6CommercialServer.requirementGroup.smokeSuit.Users.HappyDayImportFromCSV" tests="1" failures="0" timestamp="26 Dec 2016 06:18:05 GMT" time="98.403" errors="0">
  <testcase name="testHappyDay147076" time="98.403" classname="rh6CommercialServer.requirementGroup.smokeSuit.Users.HappyDayImportFromCSV"/>
</testsuite> <!-- rh6CommercialServer.requirementGroup.smokeSuit.Users.HappyDayImportFromCSV -->
