<?xml version="1.0" encoding="UTF-8"?>
<!-- Generated by org.testng.reporters.JUnitReportReporter -->
<testsuite hostname="Medweb-QSG" name="rh6CommercialServer.requirementGroup.smokeSuit.DICOMSettings.HappyDayAetitleRouting" tests="1" failures="0" timestamp="23 Jan 2017 09:11:24 GMT" time="164.442" errors="0">
  <testcase name="testHappyDay68392" time="164.442" classname="rh6CommercialServer.requirementGroup.smokeSuit.DICOMSettings.HappyDayAetitleRouting"/>
</testsuite> <!-- rh6CommercialServer.requirementGroup.smokeSuit.DICOMSettings.HappyDayAetitleRouting -->
