<?xml version="1.0" encoding="UTF-8"?>
<!-- Generated by org.testng.reporters.JUnitReportReporter -->
<testsuite hostname="Medweb-QSG" name="rh6CommercialServer.requirementGroup.smokeSuit.ViewPatients.HappyDayWebReportsCreateReportsInReportEditor" tests="1" failures="0" timestamp="30 Dec 2016 10:17:49 GMT" time="205.288" errors="0">
  <testcase name="testHappyDay68617" time="205.288" classname="rh6CommercialServer.requirementGroup.smokeSuit.ViewPatients.HappyDayWebReportsCreateReportsInReportEditor"/>
</testsuite> <!-- rh6CommercialServer.requirementGroup.smokeSuit.ViewPatients.HappyDayWebReportsCreateReportsInReportEditor -->
