<?xml version="1.0" encoding="UTF-8"?>
<!-- Generated by org.testng.reporters.JUnitReportReporter -->
<testsuite hostname="Medweb-QSG" name="requirementGroup.UserGroups.HappyDayGroupFilters" tests="1" failures="0" timestamp="9 Mar 2016 05:20:56 GMT" time="63.604" errors="0">
  <testcase name="testHappyDay84151" time="63.604" classname="requirementGroup.UserGroups.HappyDayGroupFilters"/>
</testsuite> <!-- requirementGroup.UserGroups.HappyDayGroupFilters -->
