<?xml version="1.0" encoding="UTF-8"?>
<!-- Generated by org.testng.reporters.JUnitReportReporter -->
<testsuite hostname="Medweb-QSG" name="rh6CommercialServer.requirementGroup.smokeSuit.MedwebRadiologyStatistics.HappyDayOrdersByModalityAndDate" tests="1" failures="0" timestamp="9 Jan 2017 06:22:11 GMT" time="100.146" errors="0">
  <testcase name="testHappyDay69329" time="100.146" classname="rh6CommercialServer.requirementGroup.smokeSuit.MedwebRadiologyStatistics.HappyDayOrdersByModalityAndDate"/>
</testsuite> <!-- rh6CommercialServer.requirementGroup.smokeSuit.MedwebRadiologyStatistics.HappyDayOrdersByModalityAndDate -->
