<?xml version="1.0" encoding="UTF-8"?>
<!-- Generated by org.testng.reporters.JUnitReportReporter -->
<testsuite hostname="Medweb-QSG" name="rh6CommercialServer.requirementGroup.smokeSuit.ViewPatients.HappyDayViewPatientsPageForStudies" tests="1" failures="0" timestamp="30 Dec 2016 09:04:18 GMT" time="57.067" errors="0">
  <testcase name="testHappyDay68406" time="57.067" classname="rh6CommercialServer.requirementGroup.smokeSuit.ViewPatients.HappyDayViewPatientsPageForStudies"/>
</testsuite> <!-- rh6CommercialServer.requirementGroup.smokeSuit.ViewPatients.HappyDayViewPatientsPageForStudies -->
