<?xml version="1.0" encoding="UTF-8"?>
<!-- Generated by org.testng.reporters.JUnitReportReporter -->
<testsuite hostname="Medweb-QSG" name="rh4CommercialServer.requirementGroup.smokeSuit.ViewPatients.HappyDayImageManagementToolsSendingMWWReports" tests="1" failures="0" timestamp="29 Dec 2016 07:53:38 GMT" time="212.239" errors="0">
  <testcase name="testHappyDay68467" time="212.239" classname="rh4CommercialServer.requirementGroup.smokeSuit.ViewPatients.HappyDayImageManagementToolsSendingMWWReports"/>
</testsuite> <!-- rh4CommercialServer.requirementGroup.smokeSuit.ViewPatients.HappyDayImageManagementToolsSendingMWWReports -->
