<?xml version="1.0" encoding="UTF-8"?>
<!-- Generated by org.testng.reporters.JUnitReportReporter -->
<testsuite hostname="Medweb-QSG" name="requirementGroup.SmokeSuit.ViewPatients.HappyDayTransportStatusInfoInTheNetColumn" tests="3" failures="0" timestamp="10 Nov 2016 10:53:54 GMT" time="513.541" errors="0">
  <testcase name="testHappyDay165601" time="152.555" classname="requirementGroup.SmokeSuit.ViewPatients.HappyDayTransportStatusInfoInTheNetColumn"/>
  <testcase name="testHappyDay73694" time="158.050" classname="requirementGroup.SmokeSuit.ViewPatients.HappyDayTransportStatusInfoInTheNetColumn"/>
  <testcase name="testHappyDay73692" time="202.936" classname="requirementGroup.SmokeSuit.ViewPatients.HappyDayTransportStatusInfoInTheNetColumn"/>
</testsuite> <!-- requirementGroup.SmokeSuit.ViewPatients.HappyDayTransportStatusInfoInTheNetColumn -->
