<?xml version="1.0" encoding="UTF-8"?>
<!-- Generated by org.testng.reporters.JUnitReportReporter -->
<testsuite hostname="Medweb-QSG" name="rh4CommercialServer.requirementGroup.smokeSuit.ViewPatients.HappyDayAttachmentsInWebReporterPage" tests="1" failures="0" timestamp="27 Dec 2016 06:13:52 GMT" time="168.962" errors="0">
  <testcase name="testHappyDay96764" time="168.962" classname="rh4CommercialServer.requirementGroup.smokeSuit.ViewPatients.HappyDayAttachmentsInWebReporterPage"/>
</testsuite> <!-- rh4CommercialServer.requirementGroup.smokeSuit.ViewPatients.HappyDayAttachmentsInWebReporterPage -->
