<?xml version="1.0" encoding="UTF-8"?>
<!-- Generated by org.testng.reporters.JUnitReportReporter -->
<testsuite hostname="Medweb-QSG" name="requirementGroup.SmokeSuit.MedwebRadiologyStatistics.HappyDayScheduledOrdersReport" tests="1" failures="0" timestamp="12 Oct 2016 22:51:57 GMT" time="153.668" errors="0">
  <testcase name="testHappyDay107968" time="153.668" classname="requirementGroup.SmokeSuit.MedwebRadiologyStatistics.HappyDayScheduledOrdersReport"/>
</testsuite> <!-- requirementGroup.SmokeSuit.MedwebRadiologyStatistics.HappyDayScheduledOrdersReport -->
