<?xml version="1.0" encoding="UTF-8"?>
<!-- Generated by org.testng.reporters.JUnitReportReporter -->
<testsuite hostname="Medweb-QSG" name="rh4CommercialServer.requirementGroup.smokeSuit.MedwebRadiologyStatistics.HappyDayStudiesStudiesReceivedByMTFAndDate" tests="1" failures="0" timestamp="25 Jan 2017 12:13:20 GMT" time="165.973" errors="0">
  <testcase name="testHappyDay69316" time="165.973" classname="rh4CommercialServer.requirementGroup.smokeSuit.MedwebRadiologyStatistics.HappyDayStudiesStudiesReceivedByMTFAndDate"/>
</testsuite> <!-- rh4CommercialServer.requirementGroup.smokeSuit.MedwebRadiologyStatistics.HappyDayStudiesStudiesReceivedByMTFAndDate -->
