<?xml version="1.0" encoding="UTF-8"?>
<!-- Generated by org.testng.reporters.JUnitReportReporter -->
<testsuite hostname="Medweb-QSG" name="rh4CommercialServer.requirementGroup.smokeSuit.ViewPatients.HappyDayViewPatientsPageForStudies" tests="1" failures="0" timestamp="30 Dec 2016 09:01:56 GMT" time="56.636" errors="0">
  <testcase name="testHappyDay68406" time="56.636" classname="rh4CommercialServer.requirementGroup.smokeSuit.ViewPatients.HappyDayViewPatientsPageForStudies"/>
</testsuite> <!-- rh4CommercialServer.requirementGroup.smokeSuit.ViewPatients.HappyDayViewPatientsPageForStudies -->
