<?xml version="1.0" encoding="UTF-8"?>
<!-- Generated by org.testng.reporters.JUnitReportReporter -->
<testsuite hostname="Medweb-QSG" name="rh6CommercialServer.requirementGroup.smokeSuit.ViewPatients.HappyDaySearchUsingStudySearchBar" tests="1" failures="0" timestamp="29 Dec 2016 12:05:34 GMT" time="91.273" errors="0">
  <testcase name="testHappyDay68536" time="91.273" classname="rh6CommercialServer.requirementGroup.smokeSuit.ViewPatients.HappyDaySearchUsingStudySearchBar"/>
</testsuite> <!-- rh6CommercialServer.requirementGroup.smokeSuit.ViewPatients.HappyDaySearchUsingStudySearchBar -->
