<?xml version="1.0" encoding="UTF-8"?>
<!-- Generated by org.testng.reporters.JUnitReportReporter -->
<testsuite hostname="Medweb-QSG" name="requirementGroup.SmokeSuit.ViewPatients.HappyDayWebReportsCreateTemplatesInTemplateEditor" tests="3" failures="0" timestamp="10 Nov 2016 10:44:38 GMT" time="585.312" errors="0">
  <testcase name="testHappyDay64432" time="156.325" classname="requirementGroup.SmokeSuit.ViewPatients.HappyDayWebReportsCreateTemplatesInTemplateEditor"/>
  <testcase name="testHappyDay64431" time="216.720" classname="requirementGroup.SmokeSuit.ViewPatients.HappyDayWebReportsCreateTemplatesInTemplateEditor"/>
  <testcase name="testHappyDay68582" time="212.267" classname="requirementGroup.SmokeSuit.ViewPatients.HappyDayWebReportsCreateTemplatesInTemplateEditor"/>
</testsuite> <!-- requirementGroup.SmokeSuit.ViewPatients.HappyDayWebReportsCreateTemplatesInTemplateEditor -->
