<?xml version="1.0" encoding="UTF-8"?>
<!-- Generated by org.testng.reporters.JUnitReportReporter -->
<testsuite hostname="Medweb-QSG" name="rh6CommercialServer.requirementGroup.smokeSuit.ViewPatients.HappyDayImageManagementToolsManageStudiesFields" tests="1" failures="0" timestamp="27 Dec 2016 10:23:40 GMT" time="102.575" errors="0">
  <testcase name="testHappyDay128903" time="102.575" classname="rh6CommercialServer.requirementGroup.smokeSuit.ViewPatients.HappyDayImageManagementToolsManageStudiesFields"/>
</testsuite> <!-- rh6CommercialServer.requirementGroup.smokeSuit.ViewPatients.HappyDayImageManagementToolsManageStudiesFields -->
