<?xml version="1.0" encoding="UTF-8"?>
<!-- Generated by org.testng.reporters.JUnitReportReporter -->
<testsuite hostname="Medweb-QSG" name="rh4CommercialServer.requirementGroup.smokeSuit.Users.HappyDayCreateUser" tests="1" failures="0" timestamp="1 Sep 2017 07:31:16 GMT" time="99.683" errors="0">
  <testcase name="b" time="99.683" classname="rh4CommercialServer.requirementGroup.smokeSuit.Users.HappyDayCreateUser"/>
</testsuite> <!-- rh4CommercialServer.requirementGroup.smokeSuit.Users.HappyDayCreateUser -->
