<?xml version="1.0" encoding="UTF-8"?>
<!-- Generated by org.testng.reporters.JUnitReportReporter -->
<testsuite hostname="Medweb-QSG" name="rh4CommercialServer.requirementGroup.smokeSuit.ControlPanelAccessRights.HappyDayUserAddAndRemoveAndPublicSiteAccess" tests="1" failures="0" timestamp="2 Feb 2017 07:57:33 GMT" time="56.082" errors="0">
  <testcase name="testHappyDay68249" time="56.082" classname="rh4CommercialServer.requirementGroup.smokeSuit.ControlPanelAccessRights.HappyDayUserAddAndRemoveAndPublicSiteAccess"/>
</testsuite> <!-- rh4CommercialServer.requirementGroup.smokeSuit.ControlPanelAccessRights.HappyDayUserAddAndRemoveAndPublicSiteAccess -->
