<?xml version="1.0" encoding="UTF-8"?>
<!-- Generated by org.testng.reporters.JUnitReportReporter -->
<testsuite hostname="Medweb-QSG" name="rh6CommercialServer.requirementGroup.smokeSuit.Users.HappyDayUserFilter" tests="1" failures="0" timestamp="27 Dec 2016 05:40:55 GMT" time="298.170" errors="0">
  <testcase name="testHappyDay106196" time="298.170" classname="rh6CommercialServer.requirementGroup.smokeSuit.Users.HappyDayUserFilter"/>
</testsuite> <!-- rh6CommercialServer.requirementGroup.smokeSuit.Users.HappyDayUserFilter -->
