<?xml version="1.0" encoding="UTF-8"?>
<!-- Generated by org.testng.reporters.JUnitReportReporter -->
<testsuite hostname="Medweb-QSG" name="rh6CommercialServer.requirementGroup.smokeSuit.RISPatientSchedule.HappyDaySearchReports" tests="1" failures="0" timestamp="5 Jan 2017 10:01:34 GMT" time="165.265" errors="0">
  <testcase name="testHappyDay62742" time="165.265" classname="rh6CommercialServer.requirementGroup.smokeSuit.RISPatientSchedule.HappyDaySearchReports"/>
</testsuite> <!-- rh6CommercialServer.requirementGroup.smokeSuit.RISPatientSchedule.HappyDaySearchReports -->
