<?xml version="1.0" encoding="UTF-8"?>
<!-- Generated by org.testng.reporters.JUnitReportReporter -->
<testsuite hostname="Medweb-QSG" name="rh4CommercialServer.requirementGroup.smokeSuit.ControlPanelLocalsiteInfo.HappyDayLocalSiteInformationPage" tests="1" failures="0" timestamp="18 Jan 2017 07:45:53 GMT" time="54.684" errors="0">
  <testcase name="testHappyDay68274" time="54.684" classname="rh4CommercialServer.requirementGroup.smokeSuit.ControlPanelLocalsiteInfo.HappyDayLocalSiteInformationPage"/>
</testsuite> <!-- rh4CommercialServer.requirementGroup.smokeSuit.ControlPanelLocalsiteInfo.HappyDayLocalSiteInformationPage -->
