<?xml version="1.0" encoding="UTF-8"?>
<!-- Generated by org.testng.reporters.JUnitReportReporter -->
<testsuite hostname="Medweb-QSG" name="rh4CommercialServer.requirementGroup.smokeSuit.MedwebRadiologyStatistics.HappyDayOrdersByModalityAndDate" tests="1" failures="0" timestamp="9 Jan 2017 06:14:22 GMT" time="102.244" errors="0">
  <testcase name="testHappyDay69329" time="102.244" classname="rh4CommercialServer.requirementGroup.smokeSuit.MedwebRadiologyStatistics.HappyDayOrdersByModalityAndDate"/>
</testsuite> <!-- rh4CommercialServer.requirementGroup.smokeSuit.MedwebRadiologyStatistics.HappyDayOrdersByModalityAndDate -->
