<?xml version="1.0" encoding="UTF-8"?>
<!-- Generated by org.testng.reporters.JUnitReportReporter -->
<testsuite hostname="Medweb-QSG" name="rh6CommercialServer.requirementGroup.smokeSuit.RISMonitor.HappyDayMonitor" tests="1" failures="0" timestamp="5 Jan 2017 11:10:08 GMT" time="52.113" errors="0">
  <testcase name="testHappyDay70556" time="52.113" classname="rh6CommercialServer.requirementGroup.smokeSuit.RISMonitor.HappyDayMonitor"/>
</testsuite> <!-- rh6CommercialServer.requirementGroup.smokeSuit.RISMonitor.HappyDayMonitor -->
