<?xml version="1.0" encoding="UTF-8"?>
<!-- Generated by org.testng.reporters.JUnitReportReporter -->
<testsuite hostname="Medweb-QSG" name="rh6CommercialServer.requirementGroup.smokeSuit.MedwebRadiologyStatistics.HappyDayStudiesImagesReceivedByClinicAndDate" tests="1" failures="0" timestamp="9 Jan 2017 14:01:59 GMT" time="155.121" errors="0">
  <testcase name="testHappyDay69321" time="155.121" classname="rh6CommercialServer.requirementGroup.smokeSuit.MedwebRadiologyStatistics.HappyDayStudiesImagesReceivedByClinicAndDate"/>
</testsuite> <!-- rh6CommercialServer.requirementGroup.smokeSuit.MedwebRadiologyStatistics.HappyDayStudiesImagesReceivedByClinicAndDate -->
