<?xml version="1.0" encoding="UTF-8"?>
<!-- Generated by org.testng.reporters.JUnitReportReporter -->
<testsuite hostname="Medweb-QSG" name="rh4CommercialServer.requirementGroup.smokeSuit.ViewPatients.HappyDayImageManagementToolsSendStudiesToDICOMStorage" tests="1" failures="0" timestamp="29 Dec 2016 11:28:03 GMT" time="276.770" errors="0">
  <testcase name="testHappyDay68609" time="276.770" classname="rh4CommercialServer.requirementGroup.smokeSuit.ViewPatients.HappyDayImageManagementToolsSendStudiesToDICOMStorage"/>
</testsuite> <!-- rh4CommercialServer.requirementGroup.smokeSuit.ViewPatients.HappyDayImageManagementToolsSendStudiesToDICOMStorage -->
