<?xml version="1.0" encoding="UTF-8"?>
<!-- Generated by org.testng.reporters.JUnitReportReporter -->
<testsuite hostname="Medweb-QSG" name="rh4CommercialServer.requirementGroup.smokeSuit.Maintenance.HappyDayRestore" tests="1" failures="0" timestamp="11 Jan 2017 07:02:39 GMT" time="161.488" errors="0">
  <testcase name="testHappyDay68292" time="161.488" classname="rh4CommercialServer.requirementGroup.smokeSuit.Maintenance.HappyDayRestore"/>
</testsuite> <!-- rh4CommercialServer.requirementGroup.smokeSuit.Maintenance.HappyDayRestore -->
