<?xml version="1.0" encoding="UTF-8"?>
<!-- Generated by org.testng.reporters.JUnitReportReporter -->
<testsuite hostname="Medweb-QSG" name="rh4CommercialServer.requirementGroup.smokeSuit.Locations.HappyDayAddLocations" tests="1" failures="0" timestamp="11 Jan 2017 07:22:34 GMT" time="49.200" errors="0">
  <testcase name="testHappyDay68158" time="49.200" classname="rh4CommercialServer.requirementGroup.smokeSuit.Locations.HappyDayAddLocations"/>
</testsuite> <!-- rh4CommercialServer.requirementGroup.smokeSuit.Locations.HappyDayAddLocations -->
