<?xml version="1.0" encoding="UTF-8"?>
<!-- Generated by org.testng.reporters.JUnitReportReporter -->
<testsuite hostname="Medweb-QSG" name="rh6CommercialServer.requirementGroup.smokeSuit.MedwebRadiologyStatistics.HappyDayStudiesStudiesArchivedByMTFAndDate" tests="1" failures="0" timestamp="23 Jan 2017 07:41:41 GMT" time="232.635" errors="0">
  <testcase name="testHappyDay69317" time="232.635" classname="rh6CommercialServer.requirementGroup.smokeSuit.MedwebRadiologyStatistics.HappyDayStudiesStudiesArchivedByMTFAndDate"/>
</testsuite> <!-- rh6CommercialServer.requirementGroup.smokeSuit.MedwebRadiologyStatistics.HappyDayStudiesStudiesArchivedByMTFAndDate -->
