<?xml version="1.0" encoding="UTF-8"?>
<!-- Generated by org.testng.reporters.JUnitReportReporter -->
<testsuite hostname="Medweb-QSG" name="rh6CommercialServer.requirementGroup.smokeSuit.UserGroups.HappyDayCreateGroup" tests="1" failures="0" timestamp="2 Jan 2017 11:01:12 GMT" time="28.821" errors="0">
  <testcase name="testHappyDay125792" time="28.821" classname="rh6CommercialServer.requirementGroup.smokeSuit.UserGroups.HappyDayCreateGroup"/>
</testsuite> <!-- rh6CommercialServer.requirementGroup.smokeSuit.UserGroups.HappyDayCreateGroup -->
