<?xml version="1.0" encoding="UTF-8"?>
<!-- Generated by org.testng.reporters.JUnitReportReporter -->
<testsuite hostname="Medweb-QSG" name="rh6CommercialServer.requirementGroup.smokeSuit.DICOMSettings.HappyDayImportTemplatePage" tests="1" failures="0" timestamp="13 Jan 2017 06:09:47 GMT" time="68.666" errors="0">
  <testcase name="testHappyDay68350" time="68.666" classname="rh6CommercialServer.requirementGroup.smokeSuit.DICOMSettings.HappyDayImportTemplatePage"/>
</testsuite> <!-- rh6CommercialServer.requirementGroup.smokeSuit.DICOMSettings.HappyDayImportTemplatePage -->
