<?xml version="1.0" encoding="UTF-8"?>
<!-- Generated by org.testng.reporters.JUnitReportReporter -->
<testsuite hostname="Medweb-QSG" name="rh4CommercialServer.requirementGroup.smokeSuit.MedwebRadiologyStatistics.HappyDayStudiesOrImagesReceivedByStationNameModalityAndDate" tests="1" failures="0" timestamp="9 Jan 2017 14:12:02 GMT" time="158.124" errors="0">
  <testcase name="testHappyDay69320" time="158.124" classname="rh4CommercialServer.requirementGroup.smokeSuit.MedwebRadiologyStatistics.HappyDayStudiesOrImagesReceivedByStationNameModalityAndDate"/>
</testsuite> <!-- rh4CommercialServer.requirementGroup.smokeSuit.MedwebRadiologyStatistics.HappyDayStudiesOrImagesReceivedByStationNameModalityAndDate -->
