<?xml version="1.0" encoding="UTF-8"?>
<!-- Generated by org.testng.reporters.JUnitReportReporter -->
<testsuite hostname="Medweb-QSG" name="rh4CommercialServer.requirementGroup.smokeSuit.MedwebRadiologyStatistics.HappyDayListOfNotSentStudies" tests="1" failures="0" timestamp="9 Jan 2017 05:41:37 GMT" time="197.417" errors="0">
  <testcase name="testHappyDay69337" time="197.417" classname="rh4CommercialServer.requirementGroup.smokeSuit.MedwebRadiologyStatistics.HappyDayListOfNotSentStudies"/>
</testsuite> <!-- rh4CommercialServer.requirementGroup.smokeSuit.MedwebRadiologyStatistics.HappyDayListOfNotSentStudies -->
