<?xml version="1.0" encoding="UTF-8"?>
<!-- Generated by org.testng.reporters.JUnitReportReporter -->
<testsuite hostname="Medweb-QSG" name="requirementGroup.SmokeSuit.MedwebRadiologyStatistics.HappDayStudiesReceivedByAETITLEAndDate" tests="1" failures="0" timestamp="28 Apr 2016 07:56:58 GMT" time="129.283" errors="0">
  <testcase name="testHappyDay69319" time="129.283" classname="requirementGroup.SmokeSuit.MedwebRadiologyStatistics.HappDayStudiesReceivedByAETITLEAndDate"/>
</testsuite> <!-- requirementGroup.SmokeSuit.MedwebRadiologyStatistics.HappDayStudiesReceivedByAETITLEAndDate -->
