<?xml version="1.0" encoding="UTF-8"?>
<!-- Generated by org.testng.reporters.JUnitReportReporter -->
<testsuite hostname="Medweb-QSG" name="rh6CommercialServer.requirementGroup.smokeSuit.ControlPanelServices.HappyDayHL7Router" tests="1" failures="0" timestamp="17 Jan 2017 10:54:02 GMT" time="35.697" errors="0">
  <testcase name="testHappyDay85551" time="35.697" classname="rh6CommercialServer.requirementGroup.smokeSuit.ControlPanelServices.HappyDayHL7Router"/>
</testsuite> <!-- rh6CommercialServer.requirementGroup.smokeSuit.ControlPanelServices.HappyDayHL7Router -->
