<?xml version="1.0" encoding="UTF-8"?>
<!-- Generated by org.testng.reporters.JUnitReportReporter -->
<testsuite hostname="Medweb-QSG" name="rh6CommercialServer.requirementGroup.smokeSuit.MedwebRadiologyStatistics.HappyDayStudiesReceivedByAETITLEAndDate" tests="1" failures="0" timestamp="10 Jan 2017 07:00:09 GMT" time="175.602" errors="0">
  <testcase name="testHappyDay69319" time="175.602" classname="rh6CommercialServer.requirementGroup.smokeSuit.MedwebRadiologyStatistics.HappyDayStudiesReceivedByAETITLEAndDate"/>
</testsuite> <!-- rh6CommercialServer.requirementGroup.smokeSuit.MedwebRadiologyStatistics.HappyDayStudiesReceivedByAETITLEAndDate -->
