<?xml version="1.0" encoding="UTF-8"?>
<!-- Generated by org.testng.reporters.JUnitReportReporter -->
<testsuite hostname="Medweb-QSG" name="rh4CommercialServer.requirementGroup.smokeSuit.SystemStatus.HappyDayDisk" tests="2" failures="0" timestamp="20 Jan 2017 12:21:44 GMT" time="52.178" errors="0">
  <testcase name="testHappyDay179089" time="26.450" classname="rh4CommercialServer.requirementGroup.smokeSuit.SystemStatus.HappyDayDisk"/>
  <testcase name="testHappyDay68301" time="25.728" classname="rh4CommercialServer.requirementGroup.smokeSuit.SystemStatus.HappyDayDisk"/>
</testsuite> <!-- rh4CommercialServer.requirementGroup.smokeSuit.SystemStatus.HappyDayDisk -->
