<?xml version="1.0" encoding="UTF-8"?>
<!-- Generated by org.testng.reporters.JUnitReportReporter -->
<testsuite hostname="Medweb-QSG" name="rh6CommercialServer.requirementGroup.smokeSuit.Users.HappyDaySearchUsers" tests="1" failures="0" timestamp="26 Dec 2016 07:45:18 GMT" time="58.704" errors="0">
  <testcase name="testHappyDay164191" time="58.704" classname="rh6CommercialServer.requirementGroup.smokeSuit.Users.HappyDaySearchUsers"/>
</testsuite> <!-- rh6CommercialServer.requirementGroup.smokeSuit.Users.HappyDaySearchUsers -->
