<?xml version="1.0" encoding="UTF-8"?>
<!-- Generated by org.testng.reporters.JUnitReportReporter -->
<testsuite hostname="Medweb-QSG" name="requirementGroup.SmokeSuit.HappyDayUserAddAndRemoveAndPublicSiteAccess" tests="1" failures="0" timestamp="8 Mar 2016 12:46:45 GMT" time="95.521" errors="0">
  <testcase name="testHappyDay68269" time="95.521" classname="requirementGroup.SmokeSuit.HappyDayUserAddAndRemoveAndPublicSiteAccess"/>
</testsuite> <!-- requirementGroup.SmokeSuit.HappyDayUserAddAndRemoveAndPublicSiteAccess -->
