<?xml version="1.0" encoding="UTF-8"?>
<!-- Generated by org.testng.reporters.JUnitReportReporter -->
<testsuite hostname="Medweb-QSG" name="requirementGroup.SmokeSuit.SystemStatus.HappyDayModem" tests="1" failures="0" timestamp="12 Oct 2016 22:51:57 GMT" time="21.407" errors="0">
  <testcase name="testHappyDay68303" time="21.407" classname="requirementGroup.SmokeSuit.SystemStatus.HappyDayModem"/>
</testsuite> <!-- requirementGroup.SmokeSuit.SystemStatus.HappyDayModem -->
