<?xml version="1.0" encoding="UTF-8"?>
<!-- Generated by org.testng.reporters.JUnitReportReporter -->
<testsuite hostname="Medweb-QSG" name="requirementGroup.SmokeSuit.ViewPatients.HappyDaySearchUsingAdvancedSearchBar" tests="1" failures="0" timestamp="12 Oct 2016 22:51:57 GMT" time="97.554" errors="0">
  <testcase name="testHappyDay68544" time="97.554" classname="requirementGroup.SmokeSuit.ViewPatients.HappyDaySearchUsingAdvancedSearchBar"/>
</testsuite> <!-- requirementGroup.SmokeSuit.ViewPatients.HappyDaySearchUsingAdvancedSearchBar -->
