<?xml version="1.0" encoding="UTF-8"?>
<!-- Generated by org.testng.reporters.JUnitReportReporter -->
<testsuite hostname="Medweb-QSG" name="rh4CommercialServer.requirementGroup.smokeSuit.Users.HappyDayUserInterfaceAndViewerOptionsInCSVFile" tests="1" failures="0" timestamp="27 Dec 2016 05:59:21 GMT" time="56.676" errors="0">
  <testcase name="testHappyDay125778" time="56.676" classname="rh4CommercialServer.requirementGroup.smokeSuit.Users.HappyDayUserInterfaceAndViewerOptionsInCSVFile"/>
</testsuite> <!-- rh4CommercialServer.requirementGroup.smokeSuit.Users.HappyDayUserInterfaceAndViewerOptionsInCSVFile -->
