<?xml version="1.0" encoding="UTF-8"?>
<!-- Generated by org.testng.reporters.JUnitReportReporter -->
<testsuite hostname="Medweb-QSG" name="rh6CommercialServer.requirementGroup.smokeSuit.MedwebRadiologyStatistics.HappyDayReportsCreatedByDoctorAndDate" tests="1" failures="0" timestamp="9 Jan 2017 10:10:03 GMT" time="165.885" errors="0">
  <testcase name="testHappyDay69325" time="165.885" classname="rh6CommercialServer.requirementGroup.smokeSuit.MedwebRadiologyStatistics.HappyDayReportsCreatedByDoctorAndDate"/>
</testsuite> <!-- rh6CommercialServer.requirementGroup.smokeSuit.MedwebRadiologyStatistics.HappyDayReportsCreatedByDoctorAndDate -->
