<?xml version="1.0" encoding="UTF-8"?>
<!-- Generated by org.testng.reporters.JUnitReportReporter -->
<testsuite hostname="Medweb-QSG" name="rh4CommercialServer.requirementGroup.smokeSuit.DICOMSettings.HappyDayImportTemplatePage" tests="1" failures="0" timestamp="13 Jan 2017 05:56:42 GMT" time="71.519" errors="0">
  <testcase name="testHappyDay68350" time="71.519" classname="rh4CommercialServer.requirementGroup.smokeSuit.DICOMSettings.HappyDayImportTemplatePage"/>
</testsuite> <!-- rh4CommercialServer.requirementGroup.smokeSuit.DICOMSettings.HappyDayImportTemplatePage -->
