<?xml version="1.0" encoding="UTF-8"?>
<!-- Generated by org.testng.reporters.JUnitReportReporter -->
<testsuite hostname="Medweb-QSG" name="rh6CommercialServer.requirementGroup.smokeSuit.SystemStatus.HappyDayDisk" tests="1" failures="0" timestamp="3 Jan 2017 09:12:55 GMT" time="25.338" errors="0">
  <testcase name="testHappyDay179089" time="25.338" classname="rh6CommercialServer.requirementGroup.smokeSuit.SystemStatus.HappyDayDisk"/>
</testsuite> <!-- rh6CommercialServer.requirementGroup.smokeSuit.SystemStatus.HappyDayDisk -->
