<?xml version="1.0" encoding="UTF-8"?>
<!-- Generated by org.testng.reporters.JUnitReportReporter -->
<testsuite hostname="Medweb-QSG" name="requirementGroup.SmokeSuit.ViewPatients.HappyDayAttachmentsInWebReporterPage" tests="1" failures="0" timestamp="20 Oct 2016 12:08:10 GMT" time="161.138" errors="0">
  <testcase name="testHappyDay96764" time="161.138" classname="requirementGroup.SmokeSuit.ViewPatients.HappyDayAttachmentsInWebReporterPage"/>
</testsuite> <!-- requirementGroup.SmokeSuit.ViewPatients.HappyDayAttachmentsInWebReporterPage -->
