<?xml version="1.0" encoding="UTF-8"?>
<!-- Generated by org.testng.reporters.JUnitReportReporter -->
<testsuite hostname="Medweb-QSG" name="requirementGroup.Users.EdgeCaseCreateUser" tests="1" failures="0" timestamp="2 Dec 2015 10:12:26 GMT" time="39.162" errors="0">
  <testcase name="testEdgeCase83909" time="39.162" classname="requirementGroup.Users.EdgeCaseCreateUser"/>
</testsuite> <!-- requirementGroup.Users.EdgeCaseCreateUser -->
