<?xml version="1.0" encoding="UTF-8"?>
<!-- Generated by org.testng.reporters.JUnitReportReporter -->
<testsuite hostname="Medweb-QSG" name="rh4CommercialServer.requirementGroup.smokeSuit.DICOMSettings.HappyDayLocalSettings" tests="1" failures="0" timestamp="1 Feb 2017 06:07:18 GMT" time="207.675" errors="0">
  <testcase name="testHappyDay100685" time="207.675" classname="rh4CommercialServer.requirementGroup.smokeSuit.DICOMSettings.HappyDayLocalSettings"/>
</testsuite> <!-- rh4CommercialServer.requirementGroup.smokeSuit.DICOMSettings.HappyDayLocalSettings -->
