<?xml version="1.0" encoding="UTF-8"?>
<!-- Generated by org.testng.reporters.JUnitReportReporter -->
<testsuite hostname="Medweb-QSG" name="rh6CommercialServer.requirementGroup.smokeSuit.PersonalProfile.HappyDayPersonalProfilePage" tests="1" failures="0" timestamp="6 Jan 2017 06:50:10 GMT" time="512.859" errors="0">
  <testcase name="testHappyDay84688" time="512.859" classname="rh6CommercialServer.requirementGroup.smokeSuit.PersonalProfile.HappyDayPersonalProfilePage"/>
</testsuite> <!-- rh6CommercialServer.requirementGroup.smokeSuit.PersonalProfile.HappyDayPersonalProfilePage -->
