<?xml version="1.0" encoding="UTF-8"?>
<!-- Generated by org.testng.reporters.JUnitReportReporter -->
<testsuite hostname="Medweb-QSG" name="rh6CommercialServer.requirementGroup.smokeSuit.MedwebRadiologyStatistics.HappyDayTurnaroundTimeReportLocalReads" tests="1" failures="0" timestamp="25 Jan 2017 09:59:24 GMT" time="251.488" errors="0">
  <testcase name="testHappyDay167727" time="251.488" classname="rh6CommercialServer.requirementGroup.smokeSuit.MedwebRadiologyStatistics.HappyDayTurnaroundTimeReportLocalReads"/>
</testsuite> <!-- rh6CommercialServer.requirementGroup.smokeSuit.MedwebRadiologyStatistics.HappyDayTurnaroundTimeReportLocalReads -->
