<?xml version="1.0" encoding="UTF-8"?>
<!-- Generated by org.testng.reporters.JUnitReportReporter -->
<testsuite hostname="Medweb-QSG" name="rh4CommercialServer.requirementGroup.smokeSuit.DICOMSettings.HappyDayAetitleRouting" tests="1" failures="0" timestamp="23 Jan 2017 08:58:14 GMT" time="187.578" errors="0">
  <testcase name="testHappyDay68392" time="187.578" classname="rh4CommercialServer.requirementGroup.smokeSuit.DICOMSettings.HappyDayAetitleRouting"/>
</testsuite> <!-- rh4CommercialServer.requirementGroup.smokeSuit.DICOMSettings.HappyDayAetitleRouting -->
