<?xml version="1.0" encoding="UTF-8"?>
<!-- Generated by org.testng.reporters.JUnitReportReporter -->
<testsuite hostname="Medweb-QSG" name="rh6CommercialServer.requirementGroup.smokeSuit.ViewPatients.HappyDaySearchUsingAdvancedSearchBar" tests="1" failures="0" timestamp="29 Dec 2016 11:59:41 GMT" time="97.016" errors="0">
  <testcase name="testHappyDay68544" time="97.016" classname="rh6CommercialServer.requirementGroup.smokeSuit.ViewPatients.HappyDaySearchUsingAdvancedSearchBar"/>
</testsuite> <!-- rh6CommercialServer.requirementGroup.smokeSuit.ViewPatients.HappyDaySearchUsingAdvancedSearchBar -->
