<?xml version="1.0" encoding="UTF-8"?>
<!-- Generated by org.testng.reporters.JUnitReportReporter -->
<testsuite hostname="Medweb-QSG" name="rh6CommercialServer.requirementGroup.smokeSuit.MedwebRadiologyStatistics.HappyDayStudiesStudiesReceivedByModalityAndDate" tests="1" failures="0" timestamp="27 Jan 2017 09:53:34 GMT" time="274.155" errors="0">
  <testcase name="testHappyDay171887" time="274.155" classname="rh6CommercialServer.requirementGroup.smokeSuit.MedwebRadiologyStatistics.HappyDayStudiesStudiesReceivedByModalityAndDate"/>
</testsuite> <!-- rh6CommercialServer.requirementGroup.smokeSuit.MedwebRadiologyStatistics.HappyDayStudiesStudiesReceivedByModalityAndDate -->
