<?xml version="1.0" encoding="UTF-8"?>
<!-- Generated by org.testng.reporters.JUnitReportReporter -->
<testsuite hostname="Medweb-QSG" name="requirementGroup.SmokeSuit.ViewPatients.HappyDayImageManagementToolsBurnStudyToCDROM" tests="1" failures="0" timestamp="12 Oct 2016 22:51:57 GMT" time="242.409" errors="0">
  <testcase name="testHappyDay14351" time="242.409" classname="requirementGroup.SmokeSuit.ViewPatients.HappyDayImageManagementToolsBurnStudyToCDROM"/>
</testsuite> <!-- requirementGroup.SmokeSuit.ViewPatients.HappyDayImageManagementToolsBurnStudyToCDROM -->
