<?xml version="1.0" encoding="UTF-8"?>
<!-- Generated by org.testng.reporters.JUnitReportReporter -->
<testsuite hostname="Medweb-QSG" name="requirementGroup.UserGroups.HappyDayCreateGroup" tests="1" failures="0" timestamp="8 Mar 2016 13:41:56 GMT" time="22.144" errors="0">
  <testcase name="testHappyDay84091" time="22.144" classname="requirementGroup.UserGroups.HappyDayCreateGroup"/>
</testsuite> <!-- requirementGroup.UserGroups.HappyDayCreateGroup -->
