<?xml version="1.0" encoding="UTF-8"?>
<!-- Generated by org.testng.reporters.JUnitReportReporter -->
<testsuite hostname="Medweb-QSG" name="rh6CommercialServer.requirementGroup.smokeSuit.ControlPanelServices.HappyDayWorkflowProxy" tests="1" failures="0" timestamp="17 Jan 2017 12:06:39 GMT" time="41.947" errors="0">
  <testcase name="testHappyDay68191" time="41.947" classname="rh6CommercialServer.requirementGroup.smokeSuit.ControlPanelServices.HappyDayWorkflowProxy"/>
</testsuite> <!-- rh6CommercialServer.requirementGroup.smokeSuit.ControlPanelServices.HappyDayWorkflowProxy -->
