<?xml version="1.0" encoding="UTF-8"?>
<!-- Generated by org.testng.reporters.JUnitReportReporter -->
<testsuite hostname="Medweb-QSG" name="samppack.a2.b2.c1.clsinsame" tests="1" failures="0" timestamp="3 Feb 2017 09:43:34 GMT" time="0.000" errors="0">
  <testcase name="methodsame" time="0.000" classname="samppack.a2.b2.c1.clsinsame"/>
</testsuite> <!-- samppack.a2.b2.c1.clsinsame -->
