<?xml version="1.0" encoding="UTF-8"?>
<!-- Generated by org.testng.reporters.JUnitReportReporter -->
<testsuite hostname="Medweb-QSG" name="samppack.firstclass" tests="2" failures="0" timestamp="3 Feb 2017 10:53:19 GMT" time="0.013" errors="0">
  <testcase name="methodfc" time="0.012" classname="samppack.firstclass"/>
  <testcase name="methodfd" time="0.001" classname="samppack.firstclass"/>
</testsuite> <!-- samppack.firstclass -->
