<?xml version="1.0" encoding="UTF-8"?>
<!-- Generated by org.testng.reporters.JUnitReportReporter -->
<testsuite hostname="Medweb-QSG" name="requirementGroup.SmokeSuit.Users.HappyDayUserInterfaceAndViewerOptionsInCSVFile" tests="1" failures="0" timestamp="12 Oct 2016 22:51:57 GMT" time="56.556" errors="0">
  <testcase name="testHappyDay125778" time="56.556" classname="requirementGroup.SmokeSuit.Users.HappyDayUserInterfaceAndViewerOptionsInCSVFile"/>
</testsuite> <!-- requirementGroup.SmokeSuit.Users.HappyDayUserInterfaceAndViewerOptionsInCSVFile -->
