<?xml version="1.0" encoding="UTF-8"?>
<!-- Generated by org.testng.reporters.JUnitReportReporter -->
<testsuite hostname="Medweb-QSG" name="rh4CommercialServer.requirementGroup.smokeSuit.SystemStatus.HappyDayUptime" tests="1" failures="0" timestamp="20 Jan 2017 12:48:38 GMT" time="28.733" errors="0">
  <testcase name="testHappyDay68304" time="28.733" classname="rh4CommercialServer.requirementGroup.smokeSuit.SystemStatus.HappyDayUptime"/>
</testsuite> <!-- rh4CommercialServer.requirementGroup.smokeSuit.SystemStatus.HappyDayUptime -->
