<?xml version="1.0" encoding="UTF-8"?>
<!-- Generated by org.testng.reporters.JUnitReportReporter -->
<testsuite hostname="Medweb-QSG" name="rh4CommercialServer.requirementGroup.smokeSuit.ViewPatients.HappyDayImageManagementToolsQCSandbox" tests="1" failures="0" timestamp="29 Dec 2016 06:10:26 GMT" time="154.322" errors="0">
  <testcase name="testHappyDay167455" time="154.322" classname="rh4CommercialServer.requirementGroup.smokeSuit.ViewPatients.HappyDayImageManagementToolsQCSandbox"/>
</testsuite> <!-- rh4CommercialServer.requirementGroup.smokeSuit.ViewPatients.HappyDayImageManagementToolsQCSandbox -->
