<?xml version="1.0" encoding="UTF-8"?>
<!-- Generated by org.testng.reporters.JUnitReportReporter -->
<testsuite hostname="Medweb-QSG" name="rh6CommercialServer.requirementGroup.smokeSuit.MedwebRadiologyStatistics.HappyDayStudiesOrImagesSentByAddressAndDate" tests="1" failures="0" timestamp="10 Jan 2017 06:16:31 GMT" time="149.079" errors="0">
  <testcase name="testHappyDay69322" time="149.079" classname="rh6CommercialServer.requirementGroup.smokeSuit.MedwebRadiologyStatistics.HappyDayStudiesOrImagesSentByAddressAndDate"/>
</testsuite> <!-- rh6CommercialServer.requirementGroup.smokeSuit.MedwebRadiologyStatistics.HappyDayStudiesOrImagesSentByAddressAndDate -->
