<?xml version="1.0" encoding="UTF-8"?>
<!-- Generated by org.testng.reporters.JUnitReportReporter -->
<testsuite hostname="Medweb-QSG" name="rh6CommercialServer.requirementGroup.smokeSuit.ControlPanelServices.HappyDayDICOMDevicesCheckerSettings" tests="1" failures="0" timestamp="17 Jan 2017 10:32:22 GMT" time="30.959" errors="0">
  <testcase name="testHappyDay61440" time="30.959" classname="rh6CommercialServer.requirementGroup.smokeSuit.ControlPanelServices.HappyDayDICOMDevicesCheckerSettings"/>
</testsuite> <!-- rh6CommercialServer.requirementGroup.smokeSuit.ControlPanelServices.HappyDayDICOMDevicesCheckerSettings -->
