<?xml version="1.0" encoding="UTF-8"?>
<!-- Generated by org.testng.reporters.JUnitReportReporter -->
<testsuite hostname="Medweb-QSG" name="rh4CommercialServer.requirementGroup.smokeSuit.ViewPatients.HappyDayWebReportsEditAndFormatTemplates" tests="1" failures="0" timestamp="19 Jan 2017 11:02:33 GMT" time="240.136" errors="0">
  <testcase name="testHappyDay68600" time="240.136" classname="rh4CommercialServer.requirementGroup.smokeSuit.ViewPatients.HappyDayWebReportsEditAndFormatTemplates"/>
</testsuite> <!-- rh4CommercialServer.requirementGroup.smokeSuit.ViewPatients.HappyDayWebReportsEditAndFormatTemplates -->
