<?xml version="1.0" encoding="UTF-8"?>
<!-- Generated by org.testng.reporters.JUnitReportReporter -->
<testsuite hostname="Medweb-QSG" name="rh6CommercialServer.requirementGroup.smokeSuit.ViewPatients.HappyDayWebReportsEditAndFormatTemplates" tests="1" failures="0" timestamp="19 Jan 2017 12:10:18 GMT" time="251.283" errors="0">
  <testcase name="testHappyDay68600" time="251.283" classname="rh6CommercialServer.requirementGroup.smokeSuit.ViewPatients.HappyDayWebReportsEditAndFormatTemplates"/>
</testsuite> <!-- rh6CommercialServer.requirementGroup.smokeSuit.ViewPatients.HappyDayWebReportsEditAndFormatTemplates -->
