<?xml version="1.0" encoding="UTF-8"?>
<!-- Generated by org.testng.reporters.JUnitReportReporter -->
<testsuite hostname="Medweb-QSG" name="rh4CommercialServer.requirementGroup.smokeSuit.ViewPatients.HappyDaySearchUsingStudySearchBar" tests="1" failures="0" timestamp="29 Dec 2016 12:02:35 GMT" time="90.187" errors="0">
  <testcase name="testHappyDay68536" time="90.187" classname="rh4CommercialServer.requirementGroup.smokeSuit.ViewPatients.HappyDaySearchUsingStudySearchBar"/>
</testsuite> <!-- rh4CommercialServer.requirementGroup.smokeSuit.ViewPatients.HappyDaySearchUsingStudySearchBar -->
