<?xml version="1.0" encoding="UTF-8"?>
<!-- Generated by org.testng.reporters.JUnitReportReporter -->
<testsuite hostname="Medweb-QSG" name="rh6CommercialServer.requirementGroup.smokeSuit.Locations.HappyDayImportFromCSV" tests="1" failures="0" timestamp="11 Jan 2017 07:47:39 GMT" time="65.783" errors="0">
  <testcase name="testHappyDay114204" time="65.783" classname="rh6CommercialServer.requirementGroup.smokeSuit.Locations.HappyDayImportFromCSV"/>
</testsuite> <!-- rh6CommercialServer.requirementGroup.smokeSuit.Locations.HappyDayImportFromCSV -->
