<?xml version="1.0" encoding="UTF-8"?>
<!-- Generated by org.testng.reporters.JUnitReportReporter -->
<testsuite hostname="Medweb-QSG" name="rh4CommercialServer.requirementGroup.smokeSuit.MedwebRadiologyStatistics.HappyDayStudiesReadByDoctorAndDate" tests="1" failures="0" timestamp="23 Jan 2017 05:51:33 GMT" time="165.773" errors="0">
  <testcase name="testHappyDay167321" time="165.773" classname="rh4CommercialServer.requirementGroup.smokeSuit.MedwebRadiologyStatistics.HappyDayStudiesReadByDoctorAndDate"/>
</testsuite> <!-- rh4CommercialServer.requirementGroup.smokeSuit.MedwebRadiologyStatistics.HappyDayStudiesReadByDoctorAndDate -->
