<?xml version="1.0" encoding="UTF-8"?>
<!-- Generated by org.testng.reporters.JUnitReportReporter -->
<testsuite hostname="Medweb-QSG" name="rh4CommercialServer.requirementGroup.smokeSuit.ViewPatients.HappyDayWebReportsCreateTemplatesInTemplateEditor" tests="1" failures="0" timestamp="20 Jan 2017 11:45:49 GMT" time="219.060" errors="0">
  <testcase name="testHappyDay64431" time="219.060" classname="rh4CommercialServer.requirementGroup.smokeSuit.ViewPatients.HappyDayWebReportsCreateTemplatesInTemplateEditor"/>
</testsuite> <!-- rh4CommercialServer.requirementGroup.smokeSuit.ViewPatients.HappyDayWebReportsCreateTemplatesInTemplateEditor -->
