<?xml version="1.0" encoding="UTF-8"?>
<!-- Generated by org.testng.reporters.JUnitReportReporter -->
<testsuite hostname="Medweb-QSG" name="rh4CommercialServer.requirementGroup.smokeSuit.UserGroups.HappyDayManageGroups" tests="1" failures="0" timestamp="20 Jan 2017 05:59:13 GMT" time="636.839" errors="0">
  <testcase name="testHappyDay122285" time="636.839" classname="rh4CommercialServer.requirementGroup.smokeSuit.UserGroups.HappyDayManageGroups"/>
</testsuite> <!-- rh4CommercialServer.requirementGroup.smokeSuit.UserGroups.HappyDayManageGroups -->
