<?xml version="1.0" encoding="UTF-8"?>
<!-- Generated by org.testng.reporters.JUnitReportReporter -->
<testsuite hostname="Medweb-QSG" name="samppack.a2.b2.c1.classone" tests="1" failures="0" timestamp="3 Feb 2017 10:03:24 GMT" time="0.012" errors="0">
  <testcase name="methodc" time="0.012" classname="samppack.a2.b2.c1.classone"/>
</testsuite> <!-- samppack.a2.b2.c1.classone -->
