<?xml version="1.0" encoding="UTF-8"?>
<!-- Generated by org.testng.reporters.JUnitReportReporter -->
<testsuite hostname="Medweb-QSG" name="rh4CommercialServer.requirementGroup.smokeSuit.HomePage.HappyDayNewConsultRequest" tests="1" failures="0" timestamp="27 Jan 2017 11:03:58 GMT" time="70.934" errors="0">
  <testcase name="testHappyDay96530" time="70.934" classname="rh4CommercialServer.requirementGroup.smokeSuit.HomePage.HappyDayNewConsultRequest"/>
</testsuite> <!-- rh4CommercialServer.requirementGroup.smokeSuit.HomePage.HappyDayNewConsultRequest -->
