<?xml version="1.0" encoding="UTF-8"?>
<!-- Generated by org.testng.reporters.JUnitReportReporter -->
<testsuite hostname="Medweb-QSG" name="rh6CommercialServer.requirementGroup.smokeSuit.Locations.HappyDayAddLocations" tests="1" failures="0" timestamp="11 Jan 2017 07:26:34 GMT" time="47.554" errors="0">
  <testcase name="testHappyDay68158" time="47.554" classname="rh6CommercialServer.requirementGroup.smokeSuit.Locations.HappyDayAddLocations"/>
</testsuite> <!-- rh6CommercialServer.requirementGroup.smokeSuit.Locations.HappyDayAddLocations -->
