<?xml version="1.0" encoding="UTF-8"?>
<!-- Generated by org.testng.reporters.JUnitReportReporter -->
<testsuite hostname="Medweb-QSG" name="rh4CommercialServer.requirementGroup.smokeSuit.SystemStatus.HappyDayCPUUsage" tests="1" failures="0" timestamp="20 Jan 2017 12:18:28 GMT" time="32.567" errors="0">
  <testcase name="testHappyDay68300" time="32.567" classname="rh4CommercialServer.requirementGroup.smokeSuit.SystemStatus.HappyDayCPUUsage"/>
</testsuite> <!-- rh4CommercialServer.requirementGroup.smokeSuit.SystemStatus.HappyDayCPUUsage -->
