<?xml version="1.0" encoding="UTF-8"?>
<!-- Generated by org.testng.reporters.JUnitReportReporter -->
<testsuite hostname="Medweb-QSG" name="rh6CommercialServer.requirementGroup.smokeSuit.AddendumReports.HappyDayCreatingAddendumReports" tests="1" failures="0" timestamp="19 Jan 2017 07:12:35 GMT" time="273.550" errors="0">
  <testcase name="testHappyDay168532" time="273.550" classname="rh6CommercialServer.requirementGroup.smokeSuit.AddendumReports.HappyDayCreatingAddendumReports"/>
</testsuite> <!-- rh6CommercialServer.requirementGroup.smokeSuit.AddendumReports.HappyDayCreatingAddendumReports -->
