<?xml version="1.0" encoding="UTF-8"?>
<!-- Generated by org.testng.reporters.JUnitReportReporter -->
<testsuite hostname="Medweb-QSG" name="rh6CommercialServer.requirementGroup.smokeSuit.RISSettings.HappyDayRISSettingsGeneral" tests="1" failures="0" timestamp="3 Jan 2017 10:59:39 GMT" time="39.314" errors="0">
  <testcase name="testHappyDay68182" time="39.314" classname="rh6CommercialServer.requirementGroup.smokeSuit.RISSettings.HappyDayRISSettingsGeneral"/>
</testsuite> <!-- rh6CommercialServer.requirementGroup.smokeSuit.RISSettings.HappyDayRISSettingsGeneral -->
