<?xml version="1.0" encoding="UTF-8"?>
<!-- Generated by org.testng.reporters.JUnitReportReporter -->
<testsuite hostname="Medweb-QSG" name="rh6CommercialServer.requirementGroup.smokeSuit.RISPatientSchedule.HappyDayCreateOrder" tests="1" failures="0" timestamp="4 Jan 2017 07:04:36 GMT" time="227.770" errors="0">
  <testcase name="testHappyDay62731" time="227.770" classname="rh6CommercialServer.requirementGroup.smokeSuit.RISPatientSchedule.HappyDayCreateOrder"/>
</testsuite> <!-- rh6CommercialServer.requirementGroup.smokeSuit.RISPatientSchedule.HappyDayCreateOrder -->
