<?xml version="1.0" encoding="UTF-8"?>
<!-- Generated by org.testng.reporters.JUnitReportReporter -->
<testsuite hostname="Medweb-QSG" name="requirementGroup.SmokeSuit.MedwebRadiologyStatistics.HappyDayAcquisitionTimeReport" tests="1" failures="0" timestamp="13 Oct 2016 11:02:02 GMT" time="139.686" errors="0">
  <testcase name="testHappyDay71395" time="139.686" classname="requirementGroup.SmokeSuit.MedwebRadiologyStatistics.HappyDayAcquisitionTimeReport"/>
</testsuite> <!-- requirementGroup.SmokeSuit.MedwebRadiologyStatistics.HappyDayAcquisitionTimeReport -->
