<?xml version="1.0" encoding="UTF-8"?>
<!-- Generated by org.testng.reporters.JUnitReportReporter -->
<testsuite hostname="Medweb-QSG" name="rh6CommercialServer.requirementGroup.smokeSuit.Users.HappyDayCreateUser" tests="1" failures="0" timestamp="3 Jan 2017 07:48:57 GMT" time="95.384" errors="0">
  <testcase name="testHappyDay127853" time="95.384" classname="rh6CommercialServer.requirementGroup.smokeSuit.Users.HappyDayCreateUser"/>
</testsuite> <!-- rh6CommercialServer.requirementGroup.smokeSuit.Users.HappyDayCreateUser -->
