<?xml version="1.0" encoding="UTF-8"?>
<!-- Generated by org.testng.reporters.JUnitReportReporter -->
<testsuite hostname="Medweb-QSG" name="rhel6DiacapServer.requirementGroup.smokeSuit.AboutTheProductMedweb.HappyDayServerInformation" tests="1" failures="0" timestamp="3 Feb 2017 05:42:00 GMT" time="19.209" errors="0">
  <testcase name="testHappyDay128699" time="19.209" classname="rhel6DiacapServer.requirementGroup.smokeSuit.AboutTheProductMedweb.HappyDayServerInformation"/>
</testsuite> <!-- rhel6DiacapServer.requirementGroup.smokeSuit.AboutTheProductMedweb.HappyDayServerInformation -->
