<?xml version="1.0" encoding="UTF-8"?>
<!-- Generated by org.testng.reporters.JUnitReportReporter -->
<testsuite hostname="Medweb-QSG" name="rh4CommercialServer.requirementGroup.smokeSuit.RISPatientSchedule.HappyDayCreateOrder" tests="1" failures="0" timestamp="18 Jan 2017 13:28:20 GMT" time="233.783" errors="0">
  <testcase name="testHappyDay62731" time="233.783" classname="rh4CommercialServer.requirementGroup.smokeSuit.RISPatientSchedule.HappyDayCreateOrder"/>
</testsuite> <!-- rh4CommercialServer.requirementGroup.smokeSuit.RISPatientSchedule.HappyDayCreateOrder -->
