<?xml version="1.0" encoding="UTF-8"?>
<!-- Generated by org.testng.reporters.JUnitReportReporter -->
<testsuite hostname="Medweb-QSG" name="requirementGroup.SmokeSuit.MedwebRadiologyStatistics.HappyDayEventsLog" tests="2" failures="0" timestamp="12 Dec 2016 10:18:30 GMT" time="515.375" errors="0">
  <testcase name="testHappyDay125825" time="254.843" classname="requirementGroup.SmokeSuit.MedwebRadiologyStatistics.HappyDayEventsLog"/>
  <testcase name="testHappyDay125825" time="260.532" classname="requirementGroup.SmokeSuit.MedwebRadiologyStatistics.HappyDayEventsLog"/>
</testsuite> <!-- requirementGroup.SmokeSuit.MedwebRadiologyStatistics.HappyDayEventsLog -->
