<?xml version="1.0" encoding="UTF-8"?>
<!-- Generated by org.testng.reporters.JUnitReportReporter -->
<testsuite hostname="Medweb-QSG" name="rh4CommercialServer.requirementGroup.smokeSuit.MedwebRadiologyStatistics.HappyDayReportsCreatedByDoctorAndDate" tests="1" failures="0" timestamp="9 Jan 2017 09:53:09 GMT" time="156.552" errors="0">
  <testcase name="testHappyDay69325" time="156.552" classname="rh4CommercialServer.requirementGroup.smokeSuit.MedwebRadiologyStatistics.HappyDayReportsCreatedByDoctorAndDate"/>
</testsuite> <!-- rh4CommercialServer.requirementGroup.smokeSuit.MedwebRadiologyStatistics.HappyDayReportsCreatedByDoctorAndDate -->
