<?xml version="1.0" encoding="UTF-8"?>
<!-- Generated by org.testng.reporters.JUnitReportReporter -->
<testsuite hostname="Medweb-QSG" name="rh4CommercialServer.requirementGroup.smokeSuit.SystemStatus.HappyDayMemoryStatus" tests="1" failures="0" timestamp="20 Jan 2017 12:31:48 GMT" time="25.450" errors="0">
  <testcase name="testHappyDay68298" time="25.450" classname="rh4CommercialServer.requirementGroup.smokeSuit.SystemStatus.HappyDayMemoryStatus"/>
</testsuite> <!-- rh4CommercialServer.requirementGroup.smokeSuit.SystemStatus.HappyDayMemoryStatus -->
