<?xml version="1.0" encoding="UTF-8"?>
<!-- Generated by org.testng.reporters.JUnitReportReporter -->
<testsuite hostname="Medweb-QSG" name="rh6CommercialServer.requirementGroup.smokeSuit.MedwebRadiologyStatistics.HappyDayPatientReview" tests="1" failures="0" timestamp="9 Jan 2017 09:46:07 GMT" time="153.759" errors="0">
  <testcase name="testHappyDay69332" time="153.759" classname="rh6CommercialServer.requirementGroup.smokeSuit.MedwebRadiologyStatistics.HappyDayPatientReview"/>
</testsuite> <!-- rh6CommercialServer.requirementGroup.smokeSuit.MedwebRadiologyStatistics.HappyDayPatientReview -->
