<?xml version="1.0" encoding="UTF-8"?>
<!-- Generated by org.testng.reporters.JUnitReportReporter -->
<testsuite hostname="Medweb-QSG" name="rh6CommercialServer.requirementGroup.smokeSuit.ControlPanelServices.HappyDayPatientPageLayout" tests="1" failures="0" timestamp="17 Jan 2017 11:54:32 GMT" time="49.309" errors="0">
  <testcase name="testHappyDay125357" time="49.309" classname="rh6CommercialServer.requirementGroup.smokeSuit.ControlPanelServices.HappyDayPatientPageLayout"/>
</testsuite> <!-- rh6CommercialServer.requirementGroup.smokeSuit.ControlPanelServices.HappyDayPatientPageLayout -->
