<?xml version="1.0" encoding="UTF-8"?>
<!-- Generated by org.testng.reporters.JUnitReportReporter -->
<testsuite hostname="Medweb-QSG" name="requirementGroup.ViewPatients.HappyDaySearchUsingStudySearchBar" tests="1" failures="0" timestamp="10 Mar 2016 07:58:20 GMT" time="77.709" errors="0">
  <testcase name="testHappyDay68536" time="77.709" classname="requirementGroup.ViewPatients.HappyDaySearchUsingStudySearchBar"/>
</testsuite> <!-- requirementGroup.ViewPatients.HappyDaySearchUsingStudySearchBar -->
