<?xml version="1.0" encoding="UTF-8"?>
<!-- Generated by org.testng.reporters.JUnitReportReporter -->
<testsuite hostname="Medweb-QSG" name="rh6CommercialServer.requirementGroup.smokeSuit.Maintenance.HappyDayRestore" tests="1" failures="0" timestamp="11 Jan 2017 07:14:27 GMT" time="199.200" errors="0">
  <testcase name="testHappyDay68292" time="199.200" classname="rh6CommercialServer.requirementGroup.smokeSuit.Maintenance.HappyDayRestore"/>
</testsuite> <!-- rh6CommercialServer.requirementGroup.smokeSuit.Maintenance.HappyDayRestore -->
