<?xml version="1.0" encoding="UTF-8"?>
<!-- Generated by org.testng.reporters.JUnitReportReporter -->
<testsuite hostname="Medweb-QSG" name="rh4CommercialServer.requirementGroup.smokeSuit.ViewPatients.HappyDayWebReportsCreateReportsInReportEditor" tests="1" failures="0" timestamp="11 Jan 2017 12:24:21 GMT" time="123.699" errors="0">
  <testcase name="testHappyDay68553" time="123.699" classname="rh4CommercialServer.requirementGroup.smokeSuit.ViewPatients.HappyDayWebReportsCreateReportsInReportEditor"/>
</testsuite> <!-- rh4CommercialServer.requirementGroup.smokeSuit.ViewPatients.HappyDayWebReportsCreateReportsInReportEditor -->
