<?xml version="1.0" encoding="UTF-8"?>
<!-- Generated by org.testng.reporters.JUnitReportReporter -->
<testsuite hostname="Medweb-QSG" name="requirementGroup.SmokeSuit.MedwebRadiologyStatistics.HappyDayListOfStudiesWithoutReports" tests="1" failures="0" timestamp="13 Oct 2016 16:37:36 GMT" time="90.298" errors="0">
  <testcase name="testHappyDay71062" time="90.298" classname="requirementGroup.SmokeSuit.MedwebRadiologyStatistics.HappyDayListOfStudiesWithoutReports"/>
</testsuite> <!-- requirementGroup.SmokeSuit.MedwebRadiologyStatistics.HappyDayListOfStudiesWithoutReports -->
