<?xml version="1.0" encoding="UTF-8"?>
<!-- Generated by org.testng.reporters.JUnitReportReporter -->
<testsuite hostname="Medweb-QSG" name="rh4CommercialServer.requirementGroup.smokeSuit.Users.HappyDayUserFilter" tests="1" failures="0" timestamp="27 Dec 2016 05:18:44 GMT" time="341.665" errors="0">
  <testcase name="testHappyDay106196" time="341.665" classname="rh4CommercialServer.requirementGroup.smokeSuit.Users.HappyDayUserFilter"/>
</testsuite> <!-- rh4CommercialServer.requirementGroup.smokeSuit.Users.HappyDayUserFilter -->
