<?xml version="1.0" encoding="UTF-8"?>
<!-- Generated by org.testng.reporters.JUnitReportReporter -->
<testsuite hostname="Medweb-QSG" name="rh4CommercialServer.requirementGroup.smokeSuit.Users.HappyDaySearchUsers" tests="1" failures="0" timestamp="26 Dec 2016 07:33:04 GMT" time="55.262" errors="0">
  <testcase name="testHappyDay164191" time="55.262" classname="rh4CommercialServer.requirementGroup.smokeSuit.Users.HappyDaySearchUsers"/>
</testsuite> <!-- rh4CommercialServer.requirementGroup.smokeSuit.Users.HappyDaySearchUsers -->
