<?xml version="1.0" encoding="UTF-8"?>
<!-- Generated by org.testng.reporters.JUnitReportReporter -->
<testsuite hostname="Medweb-QSG" name="rh4CommercialServer.requirementGroup.smokeSuit.ViewPatients.HappyDayImageManagementToolsSaveStudiesToLocalPC" tests="1" failures="0" timestamp="29 Dec 2016 06:30:23 GMT" time="168.906" errors="0">
  <testcase name="testHappyDay68479" time="168.906" classname="rh4CommercialServer.requirementGroup.smokeSuit.ViewPatients.HappyDayImageManagementToolsSaveStudiesToLocalPC"/>
</testsuite> <!-- rh4CommercialServer.requirementGroup.smokeSuit.ViewPatients.HappyDayImageManagementToolsSaveStudiesToLocalPC -->
