<?xml version="1.0" encoding="UTF-8"?>
<!-- Generated by org.testng.reporters.JUnitReportReporter -->
<testsuite hostname="Medweb-QSG" name="requirementGroup.HomePage.HappyDayNewConsultRequest" tests="1" failures="0" timestamp="8 Mar 2016 06:01:32 GMT" time="101.858" errors="0">
  <testcase name="testHappyDay163576" time="101.858" classname="requirementGroup.HomePage.HappyDayNewConsultRequest"/>
</testsuite> <!-- requirementGroup.HomePage.HappyDayNewConsultRequest -->
