<?xml version="1.0" encoding="UTF-8"?>
<!-- Generated by org.testng.reporters.JUnitReportReporter -->
<testsuite hostname="Medweb-QSG" name="rhel6DiacapServer.requirementGroup.smokeSuit.AddendumReports.HappyDayCreatingAddendumReports" tests="1" failures="0" timestamp="3 Feb 2017 06:15:43 GMT" time="238.401" errors="0">
  <testcase name="testHappyDay168532" time="238.401" classname="rhel6DiacapServer.requirementGroup.smokeSuit.AddendumReports.HappyDayCreatingAddendumReports"/>
</testsuite> <!-- rhel6DiacapServer.requirementGroup.smokeSuit.AddendumReports.HappyDayCreatingAddendumReports -->
