<?xml version="1.0" encoding="UTF-8"?>
<!-- Generated by org.testng.reporters.JUnitReportReporter -->
<testsuite hostname="Medweb-QSG" name="requirementGroup.sample" tests="1" failures="0" timestamp="15 Jul 2015 10:24:17 GMT" time="8.225" errors="0">
  <testcase name="start" time="8.225" classname="requirementGroup.sample"/>
</testsuite> <!-- requirementGroup.sample -->
