<?xml version="1.0" encoding="UTF-8"?>
<!-- Generated by org.testng.reporters.JUnitReportReporter -->
<testsuite hostname="Medweb-QSG" name="rh6CommercialServer.requirementGroup.smokeSuit.ControlPanelTime.HappyDayTimeSettingsPage" tests="1" failures="0" timestamp="17 Jan 2017 10:13:02 GMT" time="39.938" errors="0">
  <testcase name="testHappyDay68273" time="39.938" classname="rh6CommercialServer.requirementGroup.smokeSuit.ControlPanelTime.HappyDayTimeSettingsPage"/>
</testsuite> <!-- rh6CommercialServer.requirementGroup.smokeSuit.ControlPanelTime.HappyDayTimeSettingsPage -->
