<?xml version="1.0" encoding="UTF-8"?>
<!-- Generated by org.testng.reporters.JUnitReportReporter -->
<testsuite hostname="Medweb-QSG" name="rh4CommercialServer.requirementGroup.smokeSuit.ViewPatients.HappyDayTransportStatusInfoInTheNetColumn" tests="1" failures="0" timestamp="30 Dec 2016 05:42:00 GMT" time="173.452" errors="0">
  <testcase name="testHappyDay165601" time="173.452" classname="rh4CommercialServer.requirementGroup.smokeSuit.ViewPatients.HappyDayTransportStatusInfoInTheNetColumn"/>
</testsuite> <!-- rh4CommercialServer.requirementGroup.smokeSuit.ViewPatients.HappyDayTransportStatusInfoInTheNetColumn -->
