<?xml version="1.0" encoding="UTF-8"?>
<!-- Generated by org.testng.reporters.JUnitReportReporter -->
<testsuite hostname="Medweb-QSG" name="rh6CommercialServer.requirementGroup.smokeSuit.SystemStatus.HappyDayCPUUsage" tests="1" failures="0" timestamp="3 Jan 2017 07:39:33 GMT" time="34.716" errors="0">
  <testcase name="testHappyDay68300" time="34.716" classname="rh6CommercialServer.requirementGroup.smokeSuit.SystemStatus.HappyDayCPUUsage"/>
</testsuite> <!-- rh6CommercialServer.requirementGroup.smokeSuit.SystemStatus.HappyDayCPUUsage -->
