<?xml version="1.0" encoding="UTF-8"?>
<!-- Generated by org.testng.reporters.JUnitReportReporter -->
<testsuite hostname="Medweb-QSG" name="rh4CommercialServer.requirementGroup.smokeSuit.DICOMSettings.HappyDayAddingDestination" tests="1" failures="0" timestamp="2 Feb 2017 05:29:04 GMT" time="423.353" errors="0">
  <testcase name="testHappyDay167481" time="423.353" classname="rh4CommercialServer.requirementGroup.smokeSuit.DICOMSettings.HappyDayAddingDestination"/>
</testsuite> <!-- rh4CommercialServer.requirementGroup.smokeSuit.DICOMSettings.HappyDayAddingDestination -->
