<?xml version="1.0" encoding="UTF-8"?>
<!-- Generated by org.testng.reporters.JUnitReportReporter -->
<testsuite hostname="Medweb-QSG" name="rhel6DiacapServer.requirementGroup.smokeSuit.ControlPanelLocalsiteInfo.HappyDayLocalSiteInformationPage" tests="2" failures="0" timestamp="3 Feb 2017 06:49:19 GMT" time="88.918" errors="0">
  <testcase name="testHappyDay128538" time="35.885" classname="rhel6DiacapServer.requirementGroup.smokeSuit.ControlPanelLocalsiteInfo.HappyDayLocalSiteInformationPage"/>
  <testcase name="testHappyDay68274" time="53.033" classname="rhel6DiacapServer.requirementGroup.smokeSuit.ControlPanelLocalsiteInfo.HappyDayLocalSiteInformationPage"/>
</testsuite> <!-- rhel6DiacapServer.requirementGroup.smokeSuit.ControlPanelLocalsiteInfo.HappyDayLocalSiteInformationPage -->
