<?xml version="1.0" encoding="UTF-8"?>
<!-- Generated by org.testng.reporters.JUnitReportReporter -->
<testsuite hostname="Medweb-QSG" name="rh6CommercialServer.requirementGroup.smokeSuit.RISPatientSchedule.HappyDayWebScheduler" tests="1" failures="0" timestamp="5 Jan 2017 10:44:59 GMT" time="52.743" errors="0">
  <testcase name="testHappyDay62738" time="52.743" classname="rh6CommercialServer.requirementGroup.smokeSuit.RISPatientSchedule.HappyDayWebScheduler"/>
</testsuite> <!-- rh6CommercialServer.requirementGroup.smokeSuit.RISPatientSchedule.HappyDayWebScheduler -->
