<?xml version="1.0" encoding="UTF-8"?>
<!-- Generated by org.testng.reporters.JUnitReportReporter -->
<testsuite hostname="Medweb-QSG" name="rh6CommercialServer.requirementGroup.smokeSuit.ControlPanelServices.HappyDayMedwebSecureTunnel" tests="1" failures="0" timestamp="17 Jan 2017 11:37:41 GMT" time="128.999" errors="0">
  <testcase name="testHappyDay78048" time="128.999" classname="rh6CommercialServer.requirementGroup.smokeSuit.ControlPanelServices.HappyDayMedwebSecureTunnel"/>
</testsuite> <!-- rh6CommercialServer.requirementGroup.smokeSuit.ControlPanelServices.HappyDayMedwebSecureTunnel -->
