<?xml version="1.0" encoding="UTF-8"?>
<!-- Generated by org.testng.reporters.JUnitReportReporter -->
<testsuite hostname="Medweb-QSG" name="requirementGroup.SmokeSuit.MedwebRadiologyStatistics.HappyDayStudiesReadByDoctorAndDate" tests="1" failures="0" timestamp="29 Nov 2016 04:59:02 GMT" time="195.531" errors="0">
  <testcase name="testHappyDay167321" time="195.531" classname="requirementGroup.SmokeSuit.MedwebRadiologyStatistics.HappyDayStudiesReadByDoctorAndDate"/>
</testsuite> <!-- requirementGroup.SmokeSuit.MedwebRadiologyStatistics.HappyDayStudiesReadByDoctorAndDate -->
