<?xml version="1.0" encoding="UTF-8"?>
<!-- Generated by org.testng.reporters.JUnitReportReporter -->
<testsuite hostname="Medweb-QSG" name="requirementGroup.SmokeSuit.Users.HappyDayAdministratorUserRights" tests="9" failures="0" timestamp="12 Oct 2016 22:51:57 GMT" time="808.639" errors="0">
  <testcase name="testHappyDay165611" time="110.012" classname="requirementGroup.SmokeSuit.Users.HappyDayAdministratorUserRights"/>
  <testcase name="testHappyDay71141" time="90.059" classname="requirementGroup.SmokeSuit.Users.HappyDayAdministratorUserRights"/>
  <testcase name="testHappyDay67960" time="90.986" classname="requirementGroup.SmokeSuit.Users.HappyDayAdministratorUserRights"/>
  <testcase name="testHappyDay67930" time="93.960" classname="requirementGroup.SmokeSuit.Users.HappyDayAdministratorUserRights"/>
  <testcase name="testHappyDay67929" time="77.230" classname="requirementGroup.SmokeSuit.Users.HappyDayAdministratorUserRights"/>
  <testcase name="testHappyDay67941" time="94.778" classname="requirementGroup.SmokeSuit.Users.HappyDayAdministratorUserRights"/>
  <testcase name="testHappyDay67927" time="75.972" classname="requirementGroup.SmokeSuit.Users.HappyDayAdministratorUserRights"/>
  <testcase name="testHappyDay67958" time="93.328" classname="requirementGroup.SmokeSuit.Users.HappyDayAdministratorUserRights"/>
  <testcase name="testHappyDay67954" time="82.314" classname="requirementGroup.SmokeSuit.Users.HappyDayAdministratorUserRights"/>
</testsuite> <!-- requirementGroup.SmokeSuit.Users.HappyDayAdministratorUserRights -->
