<?xml version="1.0" encoding="UTF-8"?>
<!-- Generated by org.testng.reporters.JUnitReportReporter -->
<testsuite hostname="Medweb-QSG" name="rh4CommercialServer.requirementGroup.smokeSuit.AboutTheProductMedweb.HappyDayServerInformation" tests="1" failures="0" timestamp="1 Feb 2017 09:57:49 GMT" time="22.128" errors="0">
  <testcase name="testHappyDay128699" time="22.128" classname="rh4CommercialServer.requirementGroup.smokeSuit.AboutTheProductMedweb.HappyDayServerInformation"/>
</testsuite> <!-- rh4CommercialServer.requirementGroup.smokeSuit.AboutTheProductMedweb.HappyDayServerInformation -->
