<?xml version="1.0" encoding="UTF-8"?>
<!-- Generated by org.testng.reporters.JUnitReportReporter -->
<testsuite hostname="Medweb-QSG" name="rh6CommercialServer.requirementGroup.smokeSuit.SystemStatus.HappyDayModem" tests="1" failures="0" timestamp="3 Jan 2017 09:31:56 GMT" time="27.150" errors="0">
  <testcase name="testHappyDay68303" time="27.150" classname="rh6CommercialServer.requirementGroup.smokeSuit.SystemStatus.HappyDayModem"/>
</testsuite> <!-- rh6CommercialServer.requirementGroup.smokeSuit.SystemStatus.HappyDayModem -->
