<?xml version="1.0" encoding="UTF-8"?>
<!-- Generated by org.testng.reporters.JUnitReportReporter -->
<testsuite hostname="Medweb-QSG" name="rh4CommercialServer.requirementGroup.smokeSuit.ControlPanelServices.HappyDayWorkflowProxy" tests="1" failures="0" timestamp="17 Jan 2017 12:02:16 GMT" time="34.724" errors="0">
  <testcase name="testHappyDay68191" time="34.724" classname="rh4CommercialServer.requirementGroup.smokeSuit.ControlPanelServices.HappyDayWorkflowProxy"/>
</testsuite> <!-- rh4CommercialServer.requirementGroup.smokeSuit.ControlPanelServices.HappyDayWorkflowProxy -->
