<?xml version="1.0" encoding="UTF-8"?>
<!-- Generated by org.testng.reporters.JUnitReportReporter -->
<testsuite hostname="Medweb-QSG" name="rh4CommercialServer.requirementGroup.smokeSuit.ControlPanelTime.HappyDayTimeSettingsPage" tests="1" failures="0" timestamp="17 Jan 2017 10:08:40 GMT" time="42.025" errors="0">
  <testcase name="testHappyDay68273" time="42.025" classname="rh4CommercialServer.requirementGroup.smokeSuit.ControlPanelTime.HappyDayTimeSettingsPage"/>
</testsuite> <!-- rh4CommercialServer.requirementGroup.smokeSuit.ControlPanelTime.HappyDayTimeSettingsPage -->
