<?xml version="1.0" encoding="UTF-8"?>
<!-- Generated by org.testng.reporters.JUnitReportReporter -->
<testsuite hostname="Medweb-QSG" name="rh4CommercialServer.requirementGroup.smokeSuit.MedwebRadiologyStatistics.HappyDayTurnaroundTimeReportLocalReads" tests="1" failures="0" timestamp="25 Jan 2017 09:40:56 GMT" time="243.988" errors="0">
  <testcase name="testHappyDay167727" time="243.988" classname="rh4CommercialServer.requirementGroup.smokeSuit.MedwebRadiologyStatistics.HappyDayTurnaroundTimeReportLocalReads"/>
</testsuite> <!-- rh4CommercialServer.requirementGroup.smokeSuit.MedwebRadiologyStatistics.HappyDayTurnaroundTimeReportLocalReads -->
