<?xml version="1.0" encoding="UTF-8"?>
<!-- Generated by org.testng.reporters.JUnitReportReporter -->
<testsuite hostname="Medweb-QSG" name="rh4CommercialServer.requirementGroup.smokeSuit.MedwebRadiologyStatistics.HappyDayStudiesStudiesArchivedByMTFAndDate" tests="1" failures="0" timestamp="23 Jan 2017 07:25:55 GMT" time="266.528" errors="0">
  <testcase name="testHappyDay69317" time="266.528" classname="rh4CommercialServer.requirementGroup.smokeSuit.MedwebRadiologyStatistics.HappyDayStudiesStudiesArchivedByMTFAndDate"/>
</testsuite> <!-- rh4CommercialServer.requirementGroup.smokeSuit.MedwebRadiologyStatistics.HappyDayStudiesStudiesArchivedByMTFAndDate -->
