<?xml version="1.0" encoding="UTF-8"?>
<!-- Generated by org.testng.reporters.JUnitReportReporter -->
<testsuite hostname="Medweb-QSG" name="rh6CommercialServer.requirementGroup.smokeSuit.MedwebRadiologyStatistics.HappyDayListOfNotSentStudies" tests="1" failures="0" timestamp="9 Jan 2017 05:56:18 GMT" time="232.088" errors="0">
  <testcase name="testHappyDay69337" time="232.088" classname="rh6CommercialServer.requirementGroup.smokeSuit.MedwebRadiologyStatistics.HappyDayListOfNotSentStudies"/>
</testsuite> <!-- rh6CommercialServer.requirementGroup.smokeSuit.MedwebRadiologyStatistics.HappyDayListOfNotSentStudies -->
