<?xml version="1.0" encoding="UTF-8"?>
<!-- Generated by org.testng.reporters.JUnitReportReporter -->
<testsuite hostname="Medweb-QSG" name="requirementGroup.SmokeSuit.PersonalProfile.HappyDayPersonalProfilePage" tests="2" failures="0" timestamp="14 Dec 2016 12:23:38 GMT" time="434.292" errors="0">
  <testcase name="testHappyDay128701" time="55.907" classname="requirementGroup.SmokeSuit.PersonalProfile.HappyDayPersonalProfilePage"/>
  <testcase name="testHappyDay84688" time="378.385" classname="requirementGroup.SmokeSuit.PersonalProfile.HappyDayPersonalProfilePage"/>
</testsuite> <!-- requirementGroup.SmokeSuit.PersonalProfile.HappyDayPersonalProfilePage -->
