<?xml version="1.0" encoding="UTF-8"?>
<!-- Generated by org.testng.reporters.JUnitReportReporter -->
<testsuite hostname="Medweb-QSG" name="requirementGroup.SmokeSuit.MedwebRadiologyStatistics.HappyDayTurnaroundTimeReportLocalReads" tests="1" failures="0" timestamp="8 Nov 2016 09:43:17 GMT" time="251.586" errors="0">
  <testcase name="testHappyDay167727" time="251.586" classname="requirementGroup.SmokeSuit.MedwebRadiologyStatistics.HappyDayTurnaroundTimeReportLocalReads"/>
</testsuite> <!-- requirementGroup.SmokeSuit.MedwebRadiologyStatistics.HappyDayTurnaroundTimeReportLocalReads -->
