<?xml version="1.0" encoding="UTF-8"?>
<!-- Generated by org.testng.reporters.JUnitReportReporter -->
<testsuite hostname="Medweb-QSG" name="rh6CommercialServer.requirementGroup.smokeSuit.ControlPanelAccessRights.HappyDayUserAddAndRemoveAndPublicSiteAccess" tests="1" failures="0" timestamp="18 Jan 2017 11:23:30 GMT" time="87.055" errors="0">
  <testcase name="testHappyDay68270" time="87.055" classname="rh6CommercialServer.requirementGroup.smokeSuit.ControlPanelAccessRights.HappyDayUserAddAndRemoveAndPublicSiteAccess"/>
</testsuite> <!-- rh6CommercialServer.requirementGroup.smokeSuit.ControlPanelAccessRights.HappyDayUserAddAndRemoveAndPublicSiteAccess -->
