<?xml version="1.0" encoding="UTF-8"?>
<!-- Generated by org.testng.reporters.JUnitReportReporter -->
<testsuite hostname="Medweb-QSG" name="requirementGroup.SmokeSuit.Users.HappyDaySetUserDefaults" tests="1" failures="0" timestamp="10 Nov 2016 12:43:10 GMT" time="79.913" errors="0">
  <testcase name="testHappyDay176204" time="79.913" classname="requirementGroup.SmokeSuit.Users.HappyDaySetUserDefaults"/>
</testsuite> <!-- requirementGroup.SmokeSuit.Users.HappyDaySetUserDefaults -->
