<?xml version="1.0" encoding="UTF-8"?>
<!-- Generated by org.testng.reporters.JUnitReportReporter -->
<testsuite hostname="Medweb-QSG" name="rh6CommercialServer.requirementGroup.smokeSuit.Maintenance.HappyDayBackup" tests="1" failures="0" timestamp="11 Jan 2017 05:33:03 GMT" time="61.745" errors="0">
  <testcase name="testHappyDay105527" time="61.745" classname="rh6CommercialServer.requirementGroup.smokeSuit.Maintenance.HappyDayBackup"/>
</testsuite> <!-- rh6CommercialServer.requirementGroup.smokeSuit.Maintenance.HappyDayBackup -->
