<?xml version="1.0" encoding="UTF-8"?>
<!-- Generated by org.testng.reporters.JUnitReportReporter -->
<testsuite hostname="Medweb-QSG" name="rh4CommercialServer.requirementGroup.smokeSuit.UserGroups.HappyDayGroupFilters" tests="1" failures="0" timestamp="30 Jan 2017 05:33:03 GMT" time="234.028" errors="0">
  <testcase name="testHappyDay84151" time="234.028" classname="rh4CommercialServer.requirementGroup.smokeSuit.UserGroups.HappyDayGroupFilters"/>
</testsuite> <!-- rh4CommercialServer.requirementGroup.smokeSuit.UserGroups.HappyDayGroupFilters -->
