<?xml version="1.0" encoding="UTF-8"?>
<!-- Generated by org.testng.reporters.JUnitReportReporter -->
<testsuite hostname="Medweb-QSG" name="requirementGroup.SmokeSuit.Users.HappyDaySearchUsers" tests="1" failures="0" timestamp="14 Sep 2016 10:05:44 GMT" time="43.112" errors="0">
  <testcase name="testHappyDay164183" time="43.112" classname="requirementGroup.SmokeSuit.Users.HappyDaySearchUsers"/>
</testsuite> <!-- requirementGroup.SmokeSuit.Users.HappyDaySearchUsers -->
