<?xml version="1.0" encoding="UTF-8"?>
<!-- Generated by org.testng.reporters.JUnitReportReporter -->
<testsuite hostname="Medweb-QSG" name="requirementGroup.SmokeSuit.Users.HappyDayCreateUser" tests="1" failures="0" timestamp="14 Sep 2016 10:11:23 GMT" time="44.285" errors="0">
  <testcase name="testHappyDay127853" time="44.285" classname="requirementGroup.SmokeSuit.Users.HappyDayCreateUser"/>
</testsuite> <!-- requirementGroup.SmokeSuit.Users.HappyDayCreateUser -->
