<?xml version="1.0" encoding="UTF-8"?>
<!-- Generated by org.testng.reporters.JUnitReportReporter -->
<testsuite hostname="Medweb-QSG" name="requirementGroup.Users.HappyDayUserFilter" tests="1" failures="0" timestamp="9 Mar 2016 09:54:53 GMT" time="61.758" errors="0">
  <testcase name="testHappyDay83955" time="61.758" classname="requirementGroup.Users.HappyDayUserFilter"/>
</testsuite> <!-- requirementGroup.Users.HappyDayUserFilter -->
