<?xml version="1.0" encoding="UTF-8"?>
<!-- Generated by org.testng.reporters.JUnitReportReporter -->
<testsuite hostname="Medweb-QSG" name="requirementGroup.SmokeSuit.ViewPatients.HappyDayViewPatientsPageForStudies" tests="1" failures="0" timestamp="9 Dec 2016 11:24:18 GMT" time="56.979" errors="0">
  <testcase name="testHappyDay68406" time="56.979" classname="requirementGroup.SmokeSuit.ViewPatients.HappyDayViewPatientsPageForStudies"/>
</testsuite> <!-- requirementGroup.SmokeSuit.ViewPatients.HappyDayViewPatientsPageForStudies -->
