<?xml version="1.0" encoding="UTF-8"?>
<!-- Generated by org.testng.reporters.JUnitReportReporter -->
<testsuite hostname="Medweb-QSG" name="requirementGroup.ViewPatients.HappyDayAttachmentsInWebReporterPage" tests="1" failures="0" timestamp="9 Mar 2016 10:56:08 GMT" time="373.362" errors="0">
  <testcase name="testHappyDay96764" time="373.362" classname="requirementGroup.ViewPatients.HappyDayAttachmentsInWebReporterPage"/>
</testsuite> <!-- requirementGroup.ViewPatients.HappyDayAttachmentsInWebReporterPage -->
