<?xml version="1.0" encoding="UTF-8"?>
<!-- Generated by org.testng.reporters.JUnitReportReporter -->
<testsuite hostname="Medweb-QSG" name="requirementGroup.MedwebRadiologyStatistics.HappyDayStudiesStudiesReceivedByModalityAndDate" tests="1" failures="0" timestamp="8 Mar 2016 10:15:58 GMT" time="116.381" errors="0">
  <testcase name="testHappyDay69314" time="116.381" classname="requirementGroup.MedwebRadiologyStatistics.HappyDayStudiesStudiesReceivedByModalityAndDate"/>
</testsuite> <!-- requirementGroup.MedwebRadiologyStatistics.HappyDayStudiesStudiesReceivedByModalityAndDate -->
