<?xml version="1.0" encoding="UTF-8"?>
<!-- Generated by org.testng.reporters.JUnitReportReporter -->
<testsuite hostname="Medweb-QSG" name="requirementGroup.SmokeSuit.ControlPanelServices.HappyDayPatientPageLayout" tests="1" failures="0" timestamp="9 Dec 2016 11:47:55 GMT" time="43.828" errors="0">
  <testcase name="testHappyDay125357" time="43.828" classname="requirementGroup.SmokeSuit.ControlPanelServices.HappyDayPatientPageLayout"/>
</testsuite> <!-- requirementGroup.SmokeSuit.ControlPanelServices.HappyDayPatientPageLayout -->
