<?xml version="1.0" encoding="UTF-8"?>
<!-- Generated by org.testng.reporters.JUnitReportReporter -->
<testsuite hostname="Medweb-QSG" name="requirementGroup.SmokeSuit.RISSettings.HappyDayClinicsAndMachines" tests="2" failures="0" timestamp="29 Nov 2016 11:37:54 GMT" time="141.492" errors="0">
  <testcase name="testHappyDay171659" time="68.150" classname="requirementGroup.SmokeSuit.RISSettings.HappyDayClinicsAndMachines"/>
  <testcase name="testHappyDay62755" time="73.342" classname="requirementGroup.SmokeSuit.RISSettings.HappyDayClinicsAndMachines"/>
</testsuite> <!-- requirementGroup.SmokeSuit.RISSettings.HappyDayClinicsAndMachines -->
