<?xml version="1.0" encoding="UTF-8"?>
<!-- Generated by org.testng.reporters.JUnitReportReporter -->
<testsuite hostname="Medweb-QSG" name="requirementGroup.SmokeSuit.Locations.HappyDayImportFromCSV" tests="1" failures="0" timestamp="12 Oct 2016 22:51:57 GMT" time="61.831" errors="0">
  <testcase name="testHappyDay114204" time="61.831" classname="requirementGroup.SmokeSuit.Locations.HappyDayImportFromCSV"/>
</testsuite> <!-- requirementGroup.SmokeSuit.Locations.HappyDayImportFromCSV -->
