<?xml version="1.0" encoding="UTF-8"?>
<!-- Generated by org.testng.reporters.JUnitReportReporter -->
<testsuite hostname="Medweb-QSG" name="requirementGroup.SmokeSuit.Users.HappyDayUserFilter" tests="1" failures="0" timestamp="21 Dec 2016 12:26:51 GMT" time="261.050" errors="0">
  <testcase name="testHappyDay107527" time="261.050" classname="requirementGroup.SmokeSuit.Users.HappyDayUserFilter"/>
</testsuite> <!-- requirementGroup.SmokeSuit.Users.HappyDayUserFilter -->
