<?xml version="1.0" encoding="UTF-8"?>
<!-- Generated by org.testng.reporters.JUnitReportReporter -->
<testsuite hostname="Medweb-QSG" name="requirementGroup.SmokeSuit.ViewPatients.HappyDaySearchUsingStudySearchBar" tests="1" failures="0" timestamp="12 Oct 2016 22:51:57 GMT" time="92.327" errors="0">
  <testcase name="testHappyDay68536" time="92.327" classname="requirementGroup.SmokeSuit.ViewPatients.HappyDaySearchUsingStudySearchBar"/>
</testsuite> <!-- requirementGroup.SmokeSuit.ViewPatients.HappyDaySearchUsingStudySearchBar -->
