<?xml version="1.0" encoding="UTF-8"?>
<!-- Generated by org.testng.reporters.JUnitReportReporter -->
<testsuite hostname="Medweb-QSG" name="requirementGroup.SmokeSuit.DICOMSettings.HappyDayLocalSettings" tests="1" failures="0" timestamp="15 Nov 2016 10:27:51 GMT" time="220.694" errors="0">
  <testcase name="testHappyDay167039" time="220.694" classname="requirementGroup.SmokeSuit.DICOMSettings.HappyDayLocalSettings"/>
</testsuite> <!-- requirementGroup.SmokeSuit.DICOMSettings.HappyDayLocalSettings -->
