<?xml version="1.0" encoding="UTF-8"?>
<!-- Generated by org.testng.reporters.JUnitReportReporter -->
<testsuite hostname="Medweb-QSG" name="requirementGroup.SmokeSuit.Locations.HappyDayAddLocations" tests="1" failures="0" timestamp="13 Oct 2016 16:37:36 GMT" time="69.388" errors="0">
  <testcase name="testHappyDay68158" time="69.388" classname="requirementGroup.SmokeSuit.Locations.HappyDayAddLocations"/>
</testsuite> <!-- requirementGroup.SmokeSuit.Locations.HappyDayAddLocations -->
