<?xml version="1.0" encoding="UTF-8"?>
<!-- Generated by org.testng.reporters.JUnitReportReporter -->
<testsuite hostname="Medweb-QSG" name="requirementGroup.SmokeSuit.Users.HappyDayCreateUser" tests="2" failures="0" timestamp="25 Nov 2016 10:15:21 GMT" time="98.831" errors="0">
  <testcase name="testHappyDay127853" time="43.919" classname="requirementGroup.SmokeSuit.Users.HappyDayCreateUser"/>
  <testcase name="testHappyDay127853" time="54.912" classname="requirementGroup.SmokeSuit.Users.HappyDayCreateUser"/>
</testsuite> <!-- requirementGroup.SmokeSuit.Users.HappyDayCreateUser -->
