<?xml version="1.0" encoding="UTF-8"?>
<!-- Generated by org.testng.reporters.JUnitReportReporter -->
<testsuite hostname="Medweb-QSG" name="rh4CommercialServer.requirementGroup.smokeSuit.ViewPatients.HappyDayImageManagementToolsQCSandbox" tests="1" failures="0" timestamp="28 Dec 2016 08:14:44 GMT" time="269.667" errors="0">
  <testcase name="testHappyDay147078" time="269.667" classname="rh4CommercialServer.requirementGroup.smokeSuit.ViewPatients.HappyDayImageManagementToolsQCSandbox"/>
</testsuite> <!-- rh4CommercialServer.requirementGroup.smokeSuit.ViewPatients.HappyDayImageManagementToolsQCSandbox -->
