<?xml version="1.0" encoding="UTF-8"?>
<!-- Generated by org.testng.reporters.JUnitReportReporter -->
<testsuite hostname="Medweb-QSG" name="requirementGroup.SmokeSuit.UserGroups.EdgeCaseCreateGroup" tests="1" failures="0" timestamp="26 Aug 2016 10:11:25 GMT" time="58.119" errors="0">
  <testcase name="testEdgeCase84129" time="58.119" classname="requirementGroup.SmokeSuit.UserGroups.EdgeCaseCreateGroup"/>
</testsuite> <!-- requirementGroup.SmokeSuit.UserGroups.EdgeCaseCreateGroup -->
