<?xml version="1.0" encoding="UTF-8"?>
<!-- Generated by org.testng.reporters.JUnitReportReporter -->
<testsuite hostname="Medweb-QSG" name="rh4CommercialServer.requirementGroup.smokeSuit.Users.HappyDayAdministratorUserRights" tests="1" failures="0" timestamp="23 Dec 2016 12:22:23 GMT" time="99.686" errors="0">
  <testcase name="testHappyDay165611" time="99.686" classname="rh4CommercialServer.requirementGroup.smokeSuit.Users.HappyDayAdministratorUserRights"/>
</testsuite> <!-- rh4CommercialServer.requirementGroup.smokeSuit.Users.HappyDayAdministratorUserRights -->
