<?xml version="1.0" encoding="UTF-8"?>
<!-- Generated by org.testng.reporters.JUnitReportReporter -->
<testsuite hostname="Medweb-QSG" name="requirementGroup.ViewPatients.HappyDayTransportStatusInfoInTheNetColumn" tests="1" failures="0" timestamp="10 Mar 2016 09:15:38 GMT" time="160.576" errors="0">
  <testcase name="testHappyDay73694" time="160.576" classname="requirementGroup.ViewPatients.HappyDayTransportStatusInfoInTheNetColumn"/>
</testsuite> <!-- requirementGroup.ViewPatients.HappyDayTransportStatusInfoInTheNetColumn -->
