<?xml version="1.0" encoding="UTF-8"?>
<!-- Generated by org.testng.reporters.JUnitReportReporter -->
<testsuite hostname="Medweb-QSG" name="requirementGroup.SystemStatus.HappyDayCPUUsage" tests="1" failures="0" timestamp="8 Mar 2016 12:48:24 GMT" time="30.626" errors="0">
  <testcase name="testHappyDay68300" time="30.626" classname="requirementGroup.SystemStatus.HappyDayCPUUsage"/>
</testsuite> <!-- requirementGroup.SystemStatus.HappyDayCPUUsage -->
