<?xml version="1.0" encoding="UTF-8"?>
<!-- Generated by org.testng.reporters.JUnitReportReporter -->
<testsuite hostname="Medweb-QSG" name="requirementGroup.Users.HappyDaySetUserDefaults" tests="1" failures="0" timestamp="9 Mar 2016 07:29:56 GMT" time="168.845" errors="0">
  <testcase name="testHappyDay69368" time="168.845" classname="requirementGroup.Users.HappyDaySetUserDefaults"/>
</testsuite> <!-- requirementGroup.Users.HappyDaySetUserDefaults -->
