<?xml version="1.0" encoding="UTF-8"?>
<!-- Generated by org.testng.reporters.JUnitReportReporter -->
<testsuite hostname="Medweb-QSG" name="requirementGroup.SmokeSuit.DICOMSettings.HappyDayAddingDestination" tests="1" failures="0" timestamp="13 Dec 2016 09:06:43 GMT" time="39.732" errors="0">
  <testcase name="testHappyDay128694" time="39.732" classname="requirementGroup.SmokeSuit.DICOMSettings.HappyDayAddingDestination"/>
</testsuite> <!-- requirementGroup.SmokeSuit.DICOMSettings.HappyDayAddingDestination -->
