<?xml version="1.0" encoding="UTF-8"?>
<!-- Generated by org.testng.reporters.JUnitReportReporter -->
<testsuite hostname="Medweb-QSG" name="requirementGroup.SmokeSuit.ViewPatients.HappyDayImageManagementToolsSaveStudiesToLocalPC" tests="1" failures="0" timestamp="10 Nov 2016 11:46:54 GMT" time="176.599" errors="0">
  <testcase name="testHappyDay68479" time="176.599" classname="requirementGroup.SmokeSuit.ViewPatients.HappyDayImageManagementToolsSaveStudiesToLocalPC"/>
</testsuite> <!-- requirementGroup.SmokeSuit.ViewPatients.HappyDayImageManagementToolsSaveStudiesToLocalPC -->
