<?xml version="1.0" encoding="UTF-8"?>
<!-- Generated by org.testng.reporters.JUnitReportReporter -->
<testsuite hostname="Medweb-QSG" name="requirementGroup.Users.HappyDayAdministratorUserRights" tests="1" failures="0" timestamp="9 Mar 2016 06:03:04 GMT" time="66.759" errors="0">
  <testcase name="testHappyDay71141" time="66.759" classname="requirementGroup.Users.HappyDayAdministratorUserRights"/>
</testsuite> <!-- requirementGroup.Users.HappyDayAdministratorUserRights -->
