<?xml version="1.0" encoding="UTF-8"?>
<!-- Generated by org.testng.reporters.JUnitReportReporter -->
<testsuite hostname="Medweb-QSG" name="requirementGroup.SmokeSuit.SystemStatus.HappyDayCPUUsage" tests="1" failures="0" timestamp="12 Oct 2016 22:51:57 GMT" time="30.332" errors="0">
  <testcase name="testHappyDay68300" time="30.332" classname="requirementGroup.SmokeSuit.SystemStatus.HappyDayCPUUsage"/>
</testsuite> <!-- requirementGroup.SmokeSuit.SystemStatus.HappyDayCPUUsage -->
