<?xml version="1.0" encoding="UTF-8"?>
<!-- Generated by org.testng.reporters.JUnitReportReporter -->
<testsuite hostname="Medweb-QSG" name="requirementGroup.Network.HappyDayPortChecker" tests="1" failures="0" timestamp="8 Mar 2016 10:31:43 GMT" time="41.901" errors="0">
  <testcase name="testHappyDay68184" time="41.901" classname="requirementGroup.Network.HappyDayPortChecker"/>
</testsuite> <!-- requirementGroup.Network.HappyDayPortChecker -->
