<?xml version="1.0" encoding="UTF-8"?>
<!-- Generated by org.testng.reporters.JUnitReportReporter -->
<testsuite hostname="Medweb-QSG" name="requirementGroup.SmokeSuit.RISPatientSchedule.HappyDayPatientRegistration" tests="1" failures="0" timestamp="12 Dec 2016 12:42:06 GMT" time="42.484" errors="0">
  <testcase name="testHappyDay62719" time="42.484" classname="requirementGroup.SmokeSuit.RISPatientSchedule.HappyDayPatientRegistration"/>
</testsuite> <!-- requirementGroup.SmokeSuit.RISPatientSchedule.HappyDayPatientRegistration -->
