<?xml version="1.0" encoding="UTF-8"?>
<!-- Generated by org.testng.reporters.JUnitReportReporter -->
<testsuite hostname="Medweb-QSG" name="requirementGroup.SmokeSuit.Users.EdgeCaseCreateUser" tests="1" failures="0" timestamp="23 Sep 2016 06:00:11 GMT" time="26.476" errors="0">
  <testcase name="testEdgeCase83894" time="26.476" classname="requirementGroup.SmokeSuit.Users.EdgeCaseCreateUser"/>
</testsuite> <!-- requirementGroup.SmokeSuit.Users.EdgeCaseCreateUser -->
