<?xml version="1.0" encoding="UTF-8"?>
<!-- Generated by org.testng.reporters.JUnitReportReporter -->
<testsuite hostname="Medweb-QSG" name="requirementGroup.SmokeSuit.RISMonitor.HappyDayMonitor" tests="4" failures="0" timestamp="14 Dec 2016 11:42:51 GMT" time="390.797" errors="0">
  <testcase name="testHappyDay70554" time="19.024" classname="requirementGroup.SmokeSuit.RISMonitor.HappyDayMonitor"/>
  <testcase name="testHappyDay70556" time="47.627" classname="requirementGroup.SmokeSuit.RISMonitor.HappyDayMonitor"/>
  <testcase name="testHappyDay107967" time="304.328" classname="requirementGroup.SmokeSuit.RISMonitor.HappyDayMonitor"/>
  <testcase name="testHappyDay70553" time="19.818" classname="requirementGroup.SmokeSuit.RISMonitor.HappyDayMonitor"/>
</testsuite> <!-- requirementGroup.SmokeSuit.RISMonitor.HappyDayMonitor -->
