<?xml version="1.0" encoding="UTF-8"?>
<!-- Generated by org.testng.reporters.JUnitReportReporter -->
<testsuite hostname="Medweb-QSG" name="rh6CommercialServer.requirementGroup.smokeSuit.Users.HappyDayCreateUser" tests="1" failures="0" timestamp="23 Dec 2016 09:11:32 GMT" time="53.632" errors="0">
  <testcase name="testHappyDay127853" time="53.632" classname="rh6CommercialServer.requirementGroup.smokeSuit.Users.HappyDayCreateUser"/>
</testsuite> <!-- rh6CommercialServer.requirementGroup.smokeSuit.Users.HappyDayCreateUser -->
