<?xml version="1.0" encoding="UTF-8"?>
<!-- Generated by org.testng.reporters.JUnitReportReporter -->
<testsuite hostname="Medweb-QSG" name="requirementGroup.SmokeSuit.UserGroups.HappyDayGroupFilters" tests="1" failures="0" timestamp="21 Dec 2016 10:36:25 GMT" time="261.775" errors="0">
  <testcase name="testHappyDay84151" time="261.775" classname="requirementGroup.SmokeSuit.UserGroups.HappyDayGroupFilters"/>
</testsuite> <!-- requirementGroup.SmokeSuit.UserGroups.HappyDayGroupFilters -->
