<?xml version="1.0" encoding="UTF-8"?>
<!-- Generated by org.testng.reporters.JUnitReportReporter -->
<testsuite hostname="Medweb-QSG" name="requirementGroup.SmokeSuit.AboutTheProductMedweb.HappyDayServerInformation" tests="1" failures="0" timestamp="12 Oct 2016 22:51:57 GMT" time="10.745" errors="0">
  <testcase name="testHappyDay128699" time="10.745" classname="requirementGroup.SmokeSuit.AboutTheProductMedweb.HappyDayServerInformation"/>
</testsuite> <!-- requirementGroup.SmokeSuit.AboutTheProductMedweb.HappyDayServerInformation -->
