<?xml version="1.0" encoding="UTF-8"?>
<!-- Generated by org.testng.reporters.JUnitReportReporter -->
<testsuite hostname="Medweb-QSG" name="requirementGroup.SmokeSuit.MedwebRadiologyStatistics.HappyDayOrdersScheduledInRemoteClinicsByModalityAndDate" tests="1" failures="0" timestamp="12 Oct 2016 22:51:57 GMT" time="631.404" errors="0">
  <testcase name="testHappyDay69328" time="631.404" classname="requirementGroup.SmokeSuit.MedwebRadiologyStatistics.HappyDayOrdersScheduledInRemoteClinicsByModalityAndDate"/>
</testsuite> <!-- requirementGroup.SmokeSuit.MedwebRadiologyStatistics.HappyDayOrdersScheduledInRemoteClinicsByModalityAndDate -->
