<?xml version="1.0" encoding="UTF-8"?>
<!-- Generated by org.testng.reporters.JUnitReportReporter -->
<testsuite hostname="Medweb-QSG" name="requirementGroup.SmokeSuit.ControlPanelTime.HappyDayTimeSettingsPage" tests="1" failures="0" timestamp="12 Oct 2016 22:51:57 GMT" time="58.065" errors="0">
  <testcase name="testHappyDay68273" time="58.065" classname="requirementGroup.SmokeSuit.ControlPanelTime.HappyDayTimeSettingsPage"/>
</testsuite> <!-- requirementGroup.SmokeSuit.ControlPanelTime.HappyDayTimeSettingsPage -->
