<?xml version="1.0" encoding="UTF-8"?>
<!-- Generated by org.testng.reporters.JUnitReportReporter -->
<testsuite hostname="Medweb-QSG" name="requirementGroup.SmokeSuit.MedwebRadiologyStatistics.HappyDayTurnaroundTimeReportExternalReads" tests="1" failures="0" timestamp="12 Oct 2016 22:51:57 GMT" time="239.811" errors="0">
  <testcase name="testHappyDay69336" time="239.811" classname="requirementGroup.SmokeSuit.MedwebRadiologyStatistics.HappyDayTurnaroundTimeReportExternalReads"/>
</testsuite> <!-- requirementGroup.SmokeSuit.MedwebRadiologyStatistics.HappyDayTurnaroundTimeReportExternalReads -->
