<?xml version="1.0" encoding="UTF-8"?>
<!-- Generated by org.testng.reporters.JUnitReportReporter -->
<testsuite hostname="Medweb-QSG" name="requirementGroup.SmokeSuit.RISPatientSchedule.HappyDaySearchReports" tests="2" failures="0" timestamp="29 Nov 2016 11:31:12 GMT" time="329.630" errors="0">
  <testcase name="testHappyDay62743" time="217.882" classname="requirementGroup.SmokeSuit.RISPatientSchedule.HappyDaySearchReports"/>
  <testcase name="testHappyDay62742" time="111.748" classname="requirementGroup.SmokeSuit.RISPatientSchedule.HappyDaySearchReports"/>
</testsuite> <!-- requirementGroup.SmokeSuit.RISPatientSchedule.HappyDaySearchReports -->
