<?xml version="1.0" encoding="UTF-8"?>
<!-- Generated by org.testng.reporters.JUnitReportReporter -->
<testsuite hostname="Medweb-QSG" name="requirementGroup.MedwebRadiologyStatistics.HappyDayStudiesStudiesReceivedByMTFAndDate" tests="1" failures="0" timestamp="8 Mar 2016 10:24:07 GMT" time="130.854" errors="0">
  <testcase name="testHappyDay69316" time="130.854" classname="requirementGroup.MedwebRadiologyStatistics.HappyDayStudiesStudiesReceivedByMTFAndDate"/>
</testsuite> <!-- requirementGroup.MedwebRadiologyStatistics.HappyDayStudiesStudiesReceivedByMTFAndDate -->
