<?xml version="1.0" encoding="UTF-8"?>
<!-- Generated by org.testng.reporters.JUnitReportReporter -->
<testsuite hostname="Medweb-QSG" name="requirementGroup.SmokeSuit.RISMachineSchedule.HappyDayMachineSchedule" tests="3" failures="0" timestamp="14 Dec 2016 11:45:10 GMT" time="122.956" errors="0">
  <testcase name="testHappyDay68463" time="20.258" classname="requirementGroup.SmokeSuit.RISMachineSchedule.HappyDayMachineSchedule"/>
  <testcase name="testHappyDay68461" time="49.328" classname="requirementGroup.SmokeSuit.RISMachineSchedule.HappyDayMachineSchedule"/>
  <testcase name="testHappyDay70213" time="53.370" classname="requirementGroup.SmokeSuit.RISMachineSchedule.HappyDayMachineSchedule"/>
</testsuite> <!-- requirementGroup.SmokeSuit.RISMachineSchedule.HappyDayMachineSchedule -->
