<?xml version="1.0" encoding="UTF-8"?>
<!-- Generated by org.testng.reporters.JUnitReportReporter -->
<testsuite hostname="Medweb-QSG" name="requirementGroup.SmokeSuit.MedwebRadiologyStatistics.HappyDayStudiesStudiesReceivedByMTFAndDate" tests="2" failures="0" timestamp="19 Dec 2016 10:03:24 GMT" time="304.220" errors="0">
  <testcase name="testHappyDay69316" time="164.914" classname="requirementGroup.SmokeSuit.MedwebRadiologyStatistics.HappyDayStudiesStudiesReceivedByMTFAndDate"/>
  <testcase name="testHappyDay69316" time="139.306" classname="requirementGroup.SmokeSuit.MedwebRadiologyStatistics.HappyDayStudiesStudiesReceivedByMTFAndDate"/>
</testsuite> <!-- requirementGroup.SmokeSuit.MedwebRadiologyStatistics.HappyDayStudiesStudiesReceivedByMTFAndDate -->
