<?xml version="1.0" encoding="UTF-8"?>
<!-- Generated by org.testng.reporters.JUnitReportReporter -->
<testsuite hostname="Medweb-QSG" name="requirementGroup.ViewPatients.HappyDayViewPatientsPageForStudies" tests="1" failures="0" timestamp="10 Mar 2016 11:47:09 GMT" time="376.971" errors="0">
  <testcase name="testHappyDay68403" time="376.971" classname="requirementGroup.ViewPatients.HappyDayViewPatientsPageForStudies"/>
</testsuite> <!-- requirementGroup.ViewPatients.HappyDayViewPatientsPageForStudies -->
