<?xml version="1.0" encoding="UTF-8"?>
<!-- Generated by org.testng.reporters.JUnitReportReporter -->
<testsuite hostname="Medweb-QSG" name="requirementGroup.Users.HappyDayCreateUser" tests="1" failures="0" timestamp="9 Mar 2016 06:10:20 GMT" time="33.468" errors="0">
  <testcase name="testHappyDay67899" time="33.468" classname="requirementGroup.Users.HappyDayCreateUser"/>
</testsuite> <!-- requirementGroup.Users.HappyDayCreateUser -->
