<?xml version="1.0" encoding="UTF-8"?>
<!-- Generated by org.testng.reporters.JUnitReportReporter -->
<testsuite hostname="Medweb-QSG" name="requirementGroup.SmokeSuit.DICOMSettings.HappyDayRetainStudyStatStatusOption" tests="1" failures="0" timestamp="20 Oct 2016 06:45:20 GMT" time="108.165" errors="0">
  <testcase name="testHappyDay29965" time="108.165" classname="requirementGroup.SmokeSuit.DICOMSettings.HappyDayRetainStudyStatStatusOption"/>
</testsuite> <!-- requirementGroup.SmokeSuit.DICOMSettings.HappyDayRetainStudyStatStatusOption -->
