<?xml version="1.0" encoding="UTF-8"?>
<!-- Generated by org.testng.reporters.JUnitReportReporter -->
<testsuite hostname="Medweb-QSG" name="requirementGroup.ViewPatients.HappyDayImageManagementToolsSendingPDFReports" tests="1" failures="0" timestamp="10 Mar 2016 06:11:01 GMT" time="206.336" errors="0">
  <testcase name="testHappyDay68465" time="206.336" classname="requirementGroup.ViewPatients.HappyDayImageManagementToolsSendingPDFReports"/>
</testsuite> <!-- requirementGroup.ViewPatients.HappyDayImageManagementToolsSendingPDFReports -->
