<?xml version="1.0" encoding="UTF-8"?>
<!-- Generated by org.testng.reporters.JUnitReportReporter -->
<testsuite hostname="Medweb-QSG" name="requirementGroup.SmokeSuit.RISSettings.HappyDayRISSettingsGeneral" tests="1" failures="0" timestamp="29 Nov 2016 11:38:40 GMT" time="33.055" errors="0">
  <testcase name="testHappyDay68182" time="33.055" classname="requirementGroup.SmokeSuit.RISSettings.HappyDayRISSettingsGeneral"/>
</testsuite> <!-- requirementGroup.SmokeSuit.RISSettings.HappyDayRISSettingsGeneral -->
